This file contains any messages produced by compilers while
running configure, to aid debugging if configure makes a mistake.

It was created by mydombox configure 0.6.0, which was
generated by GNU Autoconf 2.69.  Invocation command line was

  $ ./configure 

## --------- ##
## Platform. ##
## --------- ##

hostname = mydombox
uname -m = armv7l
uname -r = 4.1.7-v7+
uname -s = Linux
uname -v = #817 SMP PREEMPT Sat Sep 19 15:32:00 BST 2015

/usr/bin/uname -p = unknown
/bin/uname -X     = unknown

/bin/arch              = unknown
/usr/bin/arch -k       = unknown
/usr/convex/getsysinfo = unknown
/usr/bin/hostinfo      = unknown
/bin/machine           = unknown
/usr/bin/oslevel       = unknown
/bin/universe          = unknown

PATH: /usr/local/sbin
PATH: /usr/local/bin
PATH: /usr/sbin
PATH: /usr/bin
PATH: /sbin
PATH: /bin
PATH: /usr/local/games
PATH: /usr/games


## ----------- ##
## Core tests. ##
## ----------- ##

configure:1831: checking build system type
configure:1845: result: armv7l-unknown-linux-gnueabihf
configure:1865: checking host system type
configure:1878: result: armv7l-unknown-linux-gnueabihf
configure:1898: checking target system type
configure:1911: result: armv7l-unknown-linux-gnueabihf
configure:1954: checking for a BSD-compatible install
configure:2022: result: /usr/bin/install -c
configure:2033: checking whether build environment is sane
configure:2083: result: yes
configure:2224: checking for a thread-safe mkdir -p
configure:2263: result: /bin/mkdir -p
configure:2276: checking for gawk
configure:2306: result: no
configure:2276: checking for mawk
configure:2292: found /usr/bin/mawk
configure:2303: result: mawk
configure:2314: checking whether make sets $(MAKE)
configure:2336: result: yes
configure:2474: checking for gcc
configure:2490: found /usr/bin/gcc
configure:2501: result: gcc
configure:2730: checking for C compiler version
configure:2739: gcc --version >&5
gcc (Debian 4.6.3-14+rpi1) 4.6.3
Copyright (C) 2011 Free Software Foundation, Inc.
This is free software; see the source for copying conditions.  There is NO
warranty; not even for MERCHANTABILITY or FITNESS FOR A PARTICULAR PURPOSE.

configure:2750: $? = 0
configure:2739: gcc -v >&5
Using built-in specs.
COLLECT_GCC=gcc
COLLECT_LTO_WRAPPER=/usr/lib/gcc/arm-linux-gnueabihf/4.6/lto-wrapper
Target: arm-linux-gnueabihf
Configured with: ../src/configure -v --with-pkgversion='Debian 4.6.3-14+rpi1' --with-bugurl=file:///usr/share/doc/gcc-4.6/README.Bugs --enable-languages=c,c++,fortran,objc,obj-c++ --prefix=/usr --program-suffix=-4.6 --enable-shared --enable-linker-build-id --with-system-zlib --libexecdir=/usr/lib --without-included-gettext --enable-threads=posix --with-gxx-include-dir=/usr/include/c++/4.6 --libdir=/usr/lib --enable-nls --with-sysroot=/ --enable-clocale=gnu --enable-libstdcxx-debug --enable-libstdcxx-time=yes --enable-gnu-unique-object --enable-plugin --enable-objc-gc --disable-sjlj-exceptions --with-arch=armv6 --with-fpu=vfp --with-float=hard --enable-checking=release --build=arm-linux-gnueabihf --host=arm-linux-gnueabihf --target=arm-linux-gnueabihf
Thread model: posix
gcc version 4.6.3 (Debian 4.6.3-14+rpi1) 
configure:2750: $? = 0
configure:2739: gcc -V >&5
gcc: error: unrecognized option '-V'
gcc: fatal error: no input files
compilation terminated.
configure:2750: $? = 4
configure:2739: gcc -qversion >&5
gcc: error: unrecognized option '-qversion'
gcc: fatal error: no input files
compilation terminated.
configure:2750: $? = 4
configure:2770: checking whether the C compiler works
configure:2792: gcc    conftest.c  >&5
configure:2796: $? = 0
configure:2844: result: yes
configure:2847: checking for C compiler default output file name
configure:2849: result: a.out
configure:2855: checking for suffix of executables
configure:2862: gcc -o conftest    conftest.c  >&5
configure:2866: $? = 0
configure:2888: result: 
configure:2910: checking whether we are cross compiling
configure:2918: gcc -o conftest    conftest.c  >&5
configure:2922: $? = 0
configure:2929: ./conftest
configure:2933: $? = 0
configure:2948: result: no
configure:2953: checking for suffix of object files
configure:2975: gcc -c   conftest.c >&5
configure:2979: $? = 0
configure:3000: result: o
configure:3004: checking whether we are using the GNU C compiler
configure:3023: gcc -c   conftest.c >&5
configure:3023: $? = 0
configure:3032: result: yes
configure:3041: checking whether gcc accepts -g
configure:3061: gcc -c -g  conftest.c >&5
configure:3061: $? = 0
configure:3102: result: yes
configure:3119: checking for gcc option to accept ISO C89
configure:3182: gcc  -c -g -O2  conftest.c >&5
configure:3182: $? = 0
configure:3195: result: none needed
configure:3226: checking for style of include used by make
configure:3254: result: GNU
configure:3280: checking dependency style of gcc
configure:3391: result: gcc3
configure:3406: checking whether make sets $(MAKE)
configure:3428: result: yes
configure:3438: checking whether gcc and cc understand -c and -o together
configure:3469: gcc -c conftest.c -o conftest2.o >&5
configure:3473: $? = 0
configure:3479: gcc -c conftest.c -o conftest2.o >&5
configure:3483: $? = 0
configure:3494: cc -c conftest.c >&5
configure:3498: $? = 0
configure:3506: cc -c conftest.c -o conftest2.o >&5
configure:3510: $? = 0
configure:3516: cc -c conftest.c -o conftest2.o >&5
configure:3520: $? = 0
configure:3538: result: yes
configure:3569: checking for mysql_config
configure:3587: found /usr/bin/mysql_config
configure:3599: result: /usr/bin/mysql_config
configure:3787: creating ./config.status

## ---------------------- ##
## Running config.status. ##
## ---------------------- ##

This file was extended by mydombox config.status 0.6.0, which was
generated by GNU Autoconf 2.69.  Invocation command line was

  CONFIG_FILES    = 
  CONFIG_HEADERS  = 
  CONFIG_LINKS    = 
  CONFIG_COMMANDS = 
  $ ./config.status 

on mydombox

config.status:784: creating Makefile
config.status:784: creating src/Makefile
config.status:956: executing depfiles commands

## ---------------- ##
## Cache variables. ##
## ---------------- ##

ac_cv_build=armv7l-unknown-linux-gnueabihf
ac_cv_c_compiler_gnu=yes
ac_cv_env_CC_set=
ac_cv_env_CC_value=
ac_cv_env_CFLAGS_set=
ac_cv_env_CFLAGS_value=
ac_cv_env_CPPFLAGS_set=
ac_cv_env_CPPFLAGS_value=
ac_cv_env_LDFLAGS_set=
ac_cv_env_LDFLAGS_value=
ac_cv_env_LIBS_set=
ac_cv_env_LIBS_value=
ac_cv_env_build_alias_set=
ac_cv_env_build_alias_value=
ac_cv_env_host_alias_set=
ac_cv_env_host_alias_value=
ac_cv_env_target_alias_set=
ac_cv_env_target_alias_value=
ac_cv_host=armv7l-unknown-linux-gnueabihf
ac_cv_objext=o
ac_cv_path_MYSQL_CONFIG=/usr/bin/mysql_config
ac_cv_path_install='/usr/bin/install -c'
ac_cv_path_mkdir=/bin/mkdir
ac_cv_prog_AWK=mawk
ac_cv_prog_ac_ct_CC=gcc
ac_cv_prog_cc_c89=
ac_cv_prog_cc_g=yes
ac_cv_prog_cc_gcc_c_o=yes
ac_cv_prog_make_make_set=yes
ac_cv_target=armv7l-unknown-linux-gnueabihf
am_cv_CC_dependencies_compiler_type=gcc3

## ----------------- ##
## Output variables. ##
## ----------------- ##

ACLOCAL='${SHELL} /home/pi/mydombox/GIT/missing --run aclocal-1.11'
AMDEPBACKSLASH='\'
AMDEP_FALSE='#'
AMDEP_TRUE=''
AMTAR='$${TAR-tar}'
AUTOCONF='${SHELL} /home/pi/mydombox/GIT/missing --run autoconf'
AUTOHEADER='${SHELL} /home/pi/mydombox/GIT/missing --run autoheader'
AUTOMAKE='${SHELL} /home/pi/mydombox/GIT/missing --run automake-1.11'
AWK='mawk'
CC='gcc'
CCDEPMODE='depmode=gcc3'
CFLAGS='-g -O2'
CPPFLAGS=''
CYGPATH_W='echo'
DEFS='-DPACKAGE_NAME=\"mydombox\" -DPACKAGE_TARNAME=\"mydombox\" -DPACKAGE_VERSION=\"0.6.0\" -DPACKAGE_STRING=\"mydombox\ 0.6.0\" -DPACKAGE_BUGREPORT=\"jfpucheu@gmail.com\" -DPACKAGE_URL=\"\" -DPACKAGE=\"mydombox\" -DVERSION=\"0.6.0\"'
DEPDIR='.deps'
ECHO_C=''
ECHO_N='-n'
ECHO_T=''
EXEEXT=''
INSTALL_DATA='${INSTALL} -m 644'
INSTALL_PROGRAM='${INSTALL}'
INSTALL_SCRIPT='${INSTALL}'
INSTALL_STRIP_PROGRAM='$(install_sh) -c -s'
LDFLAGS=''
LIBOBJS=''
LIBS=''
LTLIBOBJS=''
MAKEINFO='${SHELL} /home/pi/mydombox/GIT/missing --run makeinfo'
MKDIR_P='/bin/mkdir -p'
MYSQL_CFLAGS='-I/usr/include/mysql -DBIG_JOINS=1  -fno-strict-aliasing   -g'
MYSQL_CONFIG='/usr/bin/mysql_config'
MYSQL_LDFLAGS='-L/usr/lib/arm-linux-gnueabihf -lmysqlclient -lpthread -lz -lm -lrt -ldl'
OBJEXT='o'
PACKAGE='mydombox'
PACKAGE_BUGREPORT='jfpucheu@gmail.com'
PACKAGE_NAME='mydombox'
PACKAGE_STRING='mydombox 0.6.0'
PACKAGE_TARNAME='mydombox'
PACKAGE_URL=''
PACKAGE_VERSION='0.6.0'
PATH_SEPARATOR=':'
SET_MAKE=''
SHELL='/bin/bash'
STRIP=''
VERSION='0.6.0'
ac_ct_CC='gcc'
am__EXEEXT_FALSE=''
am__EXEEXT_TRUE='#'
am__fastdepCC_FALSE='#'
am__fastdepCC_TRUE=''
am__include='include'
am__isrc=''
am__leading_dot='.'
am__nodep='_no'
am__quote=''
am__tar='$${TAR-tar} chof - "$$tardir"'
am__untar='$${TAR-tar} xf -'
bindir='${exec_prefix}/bin'
build='armv7l-unknown-linux-gnueabihf'
build_alias=''
build_cpu='armv7l'
build_os='linux-gnueabihf'
build_vendor='unknown'
datadir='${datarootdir}'
datarootdir='${prefix}/share'
docdir='${datarootdir}/doc/${PACKAGE_TARNAME}'
dvidir='${docdir}'
exec_prefix='${prefix}'
host='armv7l-unknown-linux-gnueabihf'
host_alias=''
host_cpu='armv7l'
host_os='linux-gnueabihf'
host_vendor='unknown'
htmldir='${docdir}'
includedir='${prefix}/include'
infodir='${datarootdir}/info'
install_sh='${SHELL} /home/pi/mydombox/GIT/install-sh'
libdir='${exec_prefix}/lib'
libexecdir='${exec_prefix}/libexec'
localedir='${datarootdir}/locale'
localstatedir='${prefix}/var'
mandir='${datarootdir}/man'
mkdir_p='/bin/mkdir -p'
oldincludedir='/usr/include'
pdfdir='${docdir}'
prefix='/usr/local'
program_transform_name='s,x,x,'
psdir='${docdir}'
sbindir='${exec_prefix}/sbin'
sharedstatedir='${prefix}/com'
sysconfdir='${prefix}/etc'
target='armv7l-unknown-linux-gnueabihf'
target_alias=''
target_cpu='armv7l'
target_os='linux-gnueabihf'
target_vendor='unknown'

## ----------- ##
## confdefs.h. ##
## ----------- ##

/* confdefs.h */
#define PACKAGE_NAME "mydombox"
#define PACKAGE_TARNAME "mydombox"
#define PACKAGE_VERSION "0.6.0"
#define PACKAGE_STRING "mydombox 0.6.0"
#define PACKAGE_BUGREPORT "jfpucheu@gmail.com"
#define PACKAGE_URL ""
#define PACKAGE "mydombox"
#define VERSION "0.6.0"

configure: exit 0
