[2015-05-02 00:06:44][INFO]: 
--------- Loading Mydombox Server configuration ---------
[2015-05-02 00:06:44][DEBUG]: LOG_FILE_PATH = log
[2015-05-02 00:06:44][DEBUG]: LOG_LEVEL = DEBUG_SQL
[2015-05-02 00:06:44][DEBUG]: MYSQL = 1
[2015-05-02 00:06:44][DEBUG]: HOSTNAME = localhost
[2015-05-02 00:06:44][DEBUG]: PORT = 3306
[2015-05-02 00:06:44][DEBUG]: LOGIN = mydombox
[2015-05-02 00:06:44][DEBUG]: PASSWORD = mydomboxpwd
[2015-05-02 00:06:44][DEBUG]: DATABASE = mydombox
[2015-05-02 00:06:44][DEBUG]: MODULE_RFXTRX433 = 0
[2015-05-02 00:06:44][DEBUG]: PORT_RFXTRX433 = /dev/ttyUSB1
[2015-05-02 00:06:44][DEBUG]: MODULE_ENOUSB300 = 0
[2015-05-02 00:06:44][DEBUG]: PORT_ENOUSB300 = /dev/ttyUSB0
[2015-05-02 00:06:44][DEBUG]: MODULE_SOAP = 1
[2015-05-02 00:06:44][DEBUG]: PORT_SOAP = 8888
[2015-05-02 00:06:44][DEBUG]: MODULE_RPIDOM = 0
[2015-05-02 00:06:44][DEBUG]: PORT_RPIDOM = /dev/ttyAMA0
[2015-05-02 00:06:44][DEBUG]: RPIDOM_TELE1_TYPE = 3
[2015-05-02 00:06:44][DEBUG]: RPIDOM_TELE2_TYPE = 0
[2015-05-02 00:06:44][DEBUG]: RPIDOM_1WIRE = 1
[2015-05-02 00:06:44][DEBUG]: MDB_CLOUD = 1
[2015-05-02 00:06:44][DEBUG]: MDB_KEY = 
[2015-05-02 00:06:44][DEBUG]: MDB_ID = 
[2015-05-02 00:06:44][DEBUG]: MDB_X_ISS_Key = aa08f68bbe7740779aab2e34ec236971
[2015-05-02 00:06:44][DEBUG]: MDB_X_OAPI_Key = 28FOP1901d0di3r8indCa2iNTnJoGCr9
[2015-05-02 00:06:44][DEBUG]: MDB_DATASOURCE = a4b3cc24b88642b28706b0e7e6316a89
[2015-05-02 00:06:44][DEBUG]: --------------------------------------------------------

[2015-05-02 00:06:44][DEBUG_SQL]: SELECT dc_id,sch_action FROM scheduler WHERE ((sch_day= 6) OR (sch_day=0)) AND ( CURRENT_TIME <= sch_time) AND (sch_time < TIME(ADDTIME(NOW(),'00:01:00')));
[2015-05-02 00:06:44][DEBUG]: Thermostat: Starting looking for thermostat
[2015-05-02 00:06:44][DEBUG_SQL]: SELECT th_id FROM thermostat
[2015-05-02 00:06:44][DEBUG_SQL]: SELECT recept_id,th_use,th_mode,tp_set,sc_id FROM thermostat WHERE th_id = 0 LIMIT 1;
[2015-05-02 00:06:44][DEBUG]: Thermostat_Calc: Working with th_id=0 ,recept_id = 6 , on/off : off , mode: auto , Manual tp_set= 21.00 °C, Scenario=2
[2015-05-02 00:06:44][DEBUG]: Thermostat 0 is off
[2015-05-02 00:06:44][DEBUG]: [Encode Message] Starting Encoding Thermostat Message for dc_id: 6, tp_consigne: 0.00 , tp_current: 0.00 , demand: no demand
[2015-05-02 00:06:44][DEBUG_SQL]: SELECT packettype,subtype,id1,id2 FROM devices WHERE dc_id=6 LIMIT 1;
[2015-05-02 00:06:44][DEBUG]: [Encode Message] Encoding Message for device: 6, Packettype: 40, subtype: 00, id1: AA, id2: BB 
[2015-05-02 00:06:44][DEBUG]: Message sent: 09 40 00 00 AA BB 00 00 02 09 00 00 82 14 31
[2015-05-02 00:06:44][DEBUG]: Thermostat: Thermostat process terminated
[2015-05-02 01:55:38][INFO]: 
--------- Loading Mydombox Server configuration ---------
[2015-05-02 01:55:38][DEBUG]: LOG_FILE_PATH = log
[2015-05-02 01:55:38][DEBUG]: LOG_LEVEL = DEBUG_SQL
[2015-05-02 01:55:38][DEBUG]: MYSQL = 1
[2015-05-02 01:55:38][DEBUG]: HOSTNAME = localhost
[2015-05-02 01:55:38][DEBUG]: PORT = 3306
[2015-05-02 01:55:38][DEBUG]: LOGIN = mydombox
[2015-05-02 01:55:38][DEBUG]: PASSWORD = mydomboxpwd
[2015-05-02 01:55:38][DEBUG]: DATABASE = mydombox
[2015-05-02 01:55:38][DEBUG]: MODULE_RFXTRX433 = 0
[2015-05-02 01:55:38][DEBUG]: PORT_RFXTRX433 = /dev/ttyUSB1
[2015-05-02 01:55:38][DEBUG]: MODULE_ENOUSB300 = 0
[2015-05-02 01:55:38][DEBUG]: PORT_ENOUSB300 = /dev/ttyUSB0
[2015-05-02 01:55:38][DEBUG]: MODULE_SOAP = 1
[2015-05-02 01:55:38][DEBUG]: PORT_SOAP = 8888
[2015-05-02 01:55:38][DEBUG]: MODULE_RPIDOM = 0
[2015-05-02 01:55:38][DEBUG]: PORT_RPIDOM = /dev/ttyAMA0
[2015-05-02 01:55:38][DEBUG]: RPIDOM_TELE1_TYPE = 3
[2015-05-02 01:55:38][DEBUG]: RPIDOM_TELE2_TYPE = 0
[2015-05-02 01:55:38][DEBUG]: RPIDOM_1WIRE = 1
[2015-05-02 01:55:38][DEBUG]: MDB_CLOUD = 1
[2015-05-02 01:55:38][DEBUG]: MDB_KEY = 
[2015-05-02 01:55:38][DEBUG]: MDB_ID = 
[2015-05-02 01:55:38][DEBUG]: MDB_X_ISS_Key = aa08f68bbe7740779aab2e34ec236971
[2015-05-02 01:55:38][DEBUG]: MDB_X_OAPI_Key = 28FOP1901d0di3r8indCa2iNTnJoGCr9
[2015-05-02 01:55:38][DEBUG]: MDB_DATASOURCE = a4b3cc24b88642b28706b0e7e6316a89
[2015-05-02 01:55:38][DEBUG]: --------------------------------------------------------

[2015-05-02 01:55:38][DEBUG_SQL]: SELECT dc_id,sch_action FROM scheduler WHERE ((sch_day= 6) OR (sch_day=0)) AND ( CURRENT_TIME <= sch_time) AND (sch_time < TIME(ADDTIME(NOW(),'00:01:00')));
[2015-05-02 01:55:38][DEBUG]: Thermostat: Starting looking for thermostat
[2015-05-02 01:55:38][DEBUG_SQL]: SELECT th_id FROM thermostat
[2015-05-02 01:55:38][DEBUG_SQL]: SELECT recept_id,th_use,th_mode,tp_set,sc_id FROM thermostat WHERE th_id = 0 LIMIT 1;
[2015-05-02 01:55:38][DEBUG]: Thermostat_Calc: Working with th_id=0 ,recept_id = 6 , on/off : off , mode: auto , Manual tp_set= 21.00 °C, Scenario=2
[2015-05-02 01:55:38][DEBUG]: Thermostat 0 is off
[2015-05-02 01:55:39][DEBUG]: [Encode Message] Starting Encoding Thermostat Message for dc_id: 6, tp_consigne: 0.00 , tp_current: 0.00 , demand: no demand
[2015-05-02 01:55:39][DEBUG_SQL]: SELECT packettype,subtype,id1,id2 FROM devices WHERE dc_id=6 LIMIT 1;
[2015-05-02 01:55:39][DEBUG]: [Encode Message] Encoding Message for device: 6, Packettype: 40, subtype: 00, id1: AA, id2: BB 
[2015-05-02 01:55:39][DEBUG]: Message sent: 09 40 00 00 AA BB 00 00 02 09 00 00 82 14 31
[2015-05-02 01:55:39][DEBUG]: Thermostat: Thermostat process terminated
[2015-05-02 05:32:28][INFO]: 
--------- Loading Mydombox Server configuration ---------
[2015-05-02 05:32:28][DEBUG]: LOG_FILE_PATH = log
[2015-05-02 05:32:28][DEBUG]: LOG_LEVEL = DEBUG_SQL
[2015-05-02 05:32:28][DEBUG]: MYSQL = 1
[2015-05-02 05:32:28][DEBUG]: HOSTNAME = localhost
[2015-05-02 05:32:28][DEBUG]: PORT = 3306
[2015-05-02 05:32:28][DEBUG]: LOGIN = mydombox
[2015-05-02 05:32:28][DEBUG]: PASSWORD = mydomboxpwd
[2015-05-02 05:32:28][DEBUG]: DATABASE = mydombox
[2015-05-02 05:32:28][DEBUG]: MODULE_RFXTRX433 = 0
[2015-05-02 05:32:28][DEBUG]: PORT_RFXTRX433 = /dev/ttyUSB1
[2015-05-02 05:32:28][DEBUG]: MODULE_ENOUSB300 = 0
[2015-05-02 05:32:28][DEBUG]: PORT_ENOUSB300 = /dev/ttyUSB0
[2015-05-02 05:32:28][DEBUG]: MODULE_SOAP = 1
[2015-05-02 05:32:28][DEBUG]: PORT_SOAP = 8888
[2015-05-02 05:32:28][DEBUG]: MODULE_RPIDOM = 0
[2015-05-02 05:32:28][DEBUG]: PORT_RPIDOM = /dev/ttyAMA0
[2015-05-02 05:32:28][DEBUG]: RPIDOM_TELE1_TYPE = 3
[2015-05-02 05:32:28][DEBUG]: RPIDOM_TELE2_TYPE = 0
[2015-05-02 05:32:28][DEBUG]: RPIDOM_1WIRE = 1
[2015-05-02 05:32:28][DEBUG]: MDB_CLOUD = 1
[2015-05-02 05:32:28][DEBUG]: MDB_KEY = 
[2015-05-02 05:32:28][DEBUG]: MDB_ID = 
[2015-05-02 05:32:28][DEBUG]: MDB_X_ISS_Key = aa08f68bbe7740779aab2e34ec236971
[2015-05-02 05:32:28][DEBUG]: MDB_X_OAPI_Key = 28FOP1901d0di3r8indCa2iNTnJoGCr9
[2015-05-02 05:32:28][DEBUG]: MDB_DATASOURCE = a4b3cc24b88642b28706b0e7e6316a89
[2015-05-02 05:32:28][DEBUG]: --------------------------------------------------------

[2015-05-02 05:32:28][DEBUG_SQL]: SELECT dc_id,sch_action FROM scheduler WHERE ((sch_day= 6) OR (sch_day=0)) AND ( CURRENT_TIME <= sch_time) AND (sch_time < TIME(ADDTIME(NOW(),'00:01:00')));
[2015-05-02 05:32:28][DEBUG]: Thermostat: Starting looking for thermostat
[2015-05-02 05:32:28][DEBUG_SQL]: SELECT th_id FROM thermostat
[2015-05-02 05:32:28][DEBUG_SQL]: SELECT recept_id,th_use,th_mode,tp_set,sc_id FROM thermostat WHERE th_id = 0 LIMIT 1;
[2015-05-02 05:32:28][DEBUG]: Thermostat_Calc: Working with th_id=0 ,recept_id = 6 , on/off : off , mode: auto , Manual tp_set= 21.00 °C, Scenario=2
[2015-05-02 05:32:28][DEBUG]: Thermostat 0 is off
[2015-05-02 05:32:28][DEBUG]: [Encode Message] Starting Encoding Thermostat Message for dc_id: 6, tp_consigne: 0.00 , tp_current: 0.00 , demand: no demand
[2015-05-02 05:32:28][DEBUG_SQL]: SELECT packettype,subtype,id1,id2 FROM devices WHERE dc_id=6 LIMIT 1;
[2015-05-02 05:32:28][DEBUG]: [Encode Message] Encoding Message for device: 6, Packettype: 40, subtype: 00, id1: AA, id2: BB 
[2015-05-02 05:32:28][DEBUG]: Message sent: 09 40 00 00 AA BB 00 00 02 09 00 00 82 14 31
[2015-05-02 05:32:28][DEBUG]: Thermostat: Thermostat process terminated
[2015-05-02 07:21:23][INFO]: 
--------- Loading Mydombox Server configuration ---------
[2015-05-02 07:21:23][DEBUG]: LOG_FILE_PATH = log
[2015-05-02 07:21:23][DEBUG]: LOG_LEVEL = DEBUG_SQL
[2015-05-02 07:21:23][DEBUG]: MYSQL = 1
[2015-05-02 07:21:23][DEBUG]: HOSTNAME = localhost
[2015-05-02 07:21:23][DEBUG]: PORT = 3306
[2015-05-02 07:21:23][DEBUG]: LOGIN = mydombox
[2015-05-02 07:21:23][DEBUG]: PASSWORD = mydomboxpwd
[2015-05-02 07:21:23][DEBUG]: DATABASE = mydombox
[2015-05-02 07:21:23][DEBUG]: MODULE_RFXTRX433 = 0
[2015-05-02 07:21:23][DEBUG]: PORT_RFXTRX433 = /dev/ttyUSB1
[2015-05-02 07:21:23][DEBUG]: MODULE_ENOUSB300 = 0
[2015-05-02 07:21:23][DEBUG]: PORT_ENOUSB300 = /dev/ttyUSB0
[2015-05-02 07:21:23][DEBUG]: MODULE_SOAP = 1
[2015-05-02 07:21:23][DEBUG]: PORT_SOAP = 8888
[2015-05-02 07:21:23][DEBUG]: MODULE_RPIDOM = 0
[2015-05-02 07:21:23][DEBUG]: PORT_RPIDOM = /dev/ttyAMA0
[2015-05-02 07:21:23][DEBUG]: RPIDOM_TELE1_TYPE = 3
[2015-05-02 07:21:23][DEBUG]: RPIDOM_TELE2_TYPE = 0
[2015-05-02 07:21:23][DEBUG]: RPIDOM_1WIRE = 1
[2015-05-02 07:21:23][DEBUG]: MDB_CLOUD = 1
[2015-05-02 07:21:23][DEBUG]: MDB_KEY = 
[2015-05-02 07:21:23][DEBUG]: MDB_ID = 
[2015-05-02 07:21:23][DEBUG]: MDB_X_ISS_Key = aa08f68bbe7740779aab2e34ec236971
[2015-05-02 07:21:23][DEBUG]: MDB_X_OAPI_Key = 28FOP1901d0di3r8indCa2iNTnJoGCr9
[2015-05-02 07:21:23][DEBUG]: MDB_DATASOURCE = a4b3cc24b88642b28706b0e7e6316a89
[2015-05-02 07:21:23][DEBUG]: --------------------------------------------------------

[2015-05-02 07:21:23][DEBUG_SQL]: SELECT dc_id,sch_action FROM scheduler WHERE ((sch_day= 6) OR (sch_day=0)) AND ( CURRENT_TIME <= sch_time) AND (sch_time < TIME(ADDTIME(NOW(),'00:01:00')));
[2015-05-02 07:21:23][DEBUG]: Thermostat: Starting looking for thermostat
[2015-05-02 07:21:23][DEBUG_SQL]: SELECT th_id FROM thermostat
[2015-05-02 07:21:23][DEBUG_SQL]: SELECT recept_id,th_use,th_mode,tp_set,sc_id FROM thermostat WHERE th_id = 0 LIMIT 1;
[2015-05-02 07:21:23][DEBUG]: Thermostat_Calc: Working with th_id=0 ,recept_id = 6 , on/off : off , mode: auto , Manual tp_set= 21.00 °C, Scenario=2
[2015-05-02 07:21:23][DEBUG]: Thermostat 0 is off
[2015-05-02 07:21:23][DEBUG]: [Encode Message] Starting Encoding Thermostat Message for dc_id: 6, tp_consigne: 0.00 , tp_current: 0.00 , demand: no demand
[2015-05-02 07:21:23][DEBUG_SQL]: SELECT packettype,subtype,id1,id2 FROM devices WHERE dc_id=6 LIMIT 1;
[2015-05-02 07:21:23][DEBUG]: [Encode Message] Encoding Message for device: 6, Packettype: 40, subtype: 00, id1: AA, id2: BB 
[2015-05-02 07:21:23][DEBUG]: Message sent: 09 40 00 00 AA BB 00 00 02 09 00 00 82 14 31
[2015-05-02 07:21:23][DEBUG]: Thermostat: Thermostat process terminated
[2015-05-02 09:10:18][INFO]: 
--------- Loading Mydombox Server configuration ---------
[2015-05-02 09:10:18][DEBUG]: LOG_FILE_PATH = log
[2015-05-02 09:10:18][DEBUG]: LOG_LEVEL = DEBUG_SQL
[2015-05-02 09:10:18][DEBUG]: MYSQL = 1
[2015-05-02 09:10:18][DEBUG]: HOSTNAME = localhost
[2015-05-02 09:10:18][DEBUG]: PORT = 3306
[2015-05-02 09:10:18][DEBUG]: LOGIN = mydombox
[2015-05-02 09:10:18][DEBUG]: PASSWORD = mydomboxpwd
[2015-05-02 09:10:18][DEBUG]: DATABASE = mydombox
[2015-05-02 09:10:18][DEBUG]: MODULE_RFXTRX433 = 0
[2015-05-02 09:10:18][DEBUG]: PORT_RFXTRX433 = /dev/ttyUSB1
[2015-05-02 09:10:18][DEBUG]: MODULE_ENOUSB300 = 0
[2015-05-02 09:10:18][DEBUG]: PORT_ENOUSB300 = /dev/ttyUSB0
[2015-05-02 09:10:18][DEBUG]: MODULE_SOAP = 1
[2015-05-02 09:10:18][DEBUG]: PORT_SOAP = 8888
[2015-05-02 09:10:18][DEBUG]: MODULE_RPIDOM = 0
[2015-05-02 09:10:18][DEBUG]: PORT_RPIDOM = /dev/ttyAMA0
[2015-05-02 09:10:18][DEBUG]: RPIDOM_TELE1_TYPE = 3
[2015-05-02 09:10:18][DEBUG]: RPIDOM_TELE2_TYPE = 0
[2015-05-02 09:10:18][DEBUG]: RPIDOM_1WIRE = 1
[2015-05-02 09:10:18][DEBUG]: MDB_CLOUD = 1
[2015-05-02 09:10:18][DEBUG]: MDB_KEY = 
[2015-05-02 09:10:18][DEBUG]: MDB_ID = 
[2015-05-02 09:10:18][DEBUG]: MDB_X_ISS_Key = aa08f68bbe7740779aab2e34ec236971
[2015-05-02 09:10:18][DEBUG]: MDB_X_OAPI_Key = 28FOP1901d0di3r8indCa2iNTnJoGCr9
[2015-05-02 09:10:18][DEBUG]: MDB_DATASOURCE = a4b3cc24b88642b28706b0e7e6316a89
[2015-05-02 09:10:18][DEBUG]: --------------------------------------------------------

[2015-05-02 09:10:18][DEBUG_SQL]: SELECT dc_id,sch_action FROM scheduler WHERE ((sch_day= 6) OR (sch_day=0)) AND ( CURRENT_TIME <= sch_time) AND (sch_time < TIME(ADDTIME(NOW(),'00:01:00')));
[2015-05-02 09:10:18][DEBUG]: Thermostat: Starting looking for thermostat
[2015-05-02 09:10:18][DEBUG_SQL]: SELECT th_id FROM thermostat
[2015-05-02 09:10:18][DEBUG_SQL]: SELECT recept_id,th_use,th_mode,tp_set,sc_id FROM thermostat WHERE th_id = 0 LIMIT 1;
[2015-05-02 09:10:18][DEBUG]: Thermostat_Calc: Working with th_id=0 ,recept_id = 6 , on/off : off , mode: auto , Manual tp_set= 21.00 °C, Scenario=2
[2015-05-02 09:10:18][DEBUG]: Thermostat 0 is off
[2015-05-02 09:10:18][DEBUG]: [Encode Message] Starting Encoding Thermostat Message for dc_id: 6, tp_consigne: 0.00 , tp_current: 0.00 , demand: no demand
[2015-05-02 09:10:18][DEBUG_SQL]: SELECT packettype,subtype,id1,id2 FROM devices WHERE dc_id=6 LIMIT 1;
[2015-05-02 09:10:18][DEBUG]: [Encode Message] Encoding Message for device: 6, Packettype: 40, subtype: 00, id1: AA, id2: BB 
[2015-05-02 09:10:18][DEBUG]: Message sent: 09 40 00 00 AA BB 00 00 02 09 00 00 82 14 31
[2015-05-02 09:10:18][DEBUG]: Thermostat: Thermostat process terminated
[2015-05-02 12:34:48][INFO]: 
--------- Loading Mydombox Server configuration ---------
[2015-05-02 12:34:48][DEBUG]: LOG_FILE_PATH = log
[2015-05-02 12:34:48][DEBUG]: LOG_LEVEL = DEBUG_SQL
[2015-05-02 12:34:48][DEBUG]: MYSQL = 1
[2015-05-02 12:34:48][DEBUG]: HOSTNAME = localhost
[2015-05-02 12:34:48][DEBUG]: PORT = 3306
[2015-05-02 12:34:48][DEBUG]: LOGIN = mydombox
[2015-05-02 12:34:48][DEBUG]: PASSWORD = mydomboxpwd
[2015-05-02 12:34:48][DEBUG]: DATABASE = mydombox
[2015-05-02 12:34:48][DEBUG]: MODULE_RFXTRX433 = 0
[2015-05-02 12:34:48][DEBUG]: PORT_RFXTRX433 = /dev/ttyUSB1
[2015-05-02 12:34:48][DEBUG]: MODULE_ENOUSB300 = 0
[2015-05-02 12:34:48][DEBUG]: PORT_ENOUSB300 = /dev/ttyUSB0
[2015-05-02 12:34:48][DEBUG]: MODULE_SOAP = 1
[2015-05-02 12:34:48][DEBUG]: PORT_SOAP = 8888
[2015-05-02 12:34:48][DEBUG]: MODULE_RPIDOM = 0
[2015-05-02 12:34:48][DEBUG]: PORT_RPIDOM = /dev/ttyAMA0
[2015-05-02 12:34:48][DEBUG]: RPIDOM_TELE1_TYPE = 3
[2015-05-02 12:34:48][DEBUG]: RPIDOM_TELE2_TYPE = 0
[2015-05-02 12:34:48][DEBUG]: RPIDOM_1WIRE = 1
[2015-05-02 12:34:48][DEBUG]: MDB_CLOUD = 1
[2015-05-02 12:34:48][DEBUG]: MDB_KEY = 
[2015-05-02 12:34:48][DEBUG]: MDB_ID = 
[2015-05-02 12:34:48][DEBUG]: MDB_X_ISS_Key = aa08f68bbe7740779aab2e34ec236971
[2015-05-02 12:34:48][DEBUG]: MDB_X_OAPI_Key = 28FOP1901d0di3r8indCa2iNTnJoGCr9
[2015-05-02 12:34:48][DEBUG]: MDB_DATASOURCE = a4b3cc24b88642b28706b0e7e6316a89
[2015-05-02 12:34:48][DEBUG]: --------------------------------------------------------

[2015-05-02 12:34:48][DEBUG_SQL]: SELECT dc_id,sch_action FROM scheduler WHERE ((sch_day= 6) OR (sch_day=0)) AND ( CURRENT_TIME <= sch_time) AND (sch_time < TIME(ADDTIME(NOW(),'00:01:00')));
[2015-05-02 12:34:48][DEBUG]: Thermostat: Starting looking for thermostat
[2015-05-02 12:34:48][DEBUG_SQL]: SELECT th_id FROM thermostat
[2015-05-02 12:34:48][DEBUG_SQL]: SELECT recept_id,th_use,th_mode,tp_set,sc_id FROM thermostat WHERE th_id = 0 LIMIT 1;
[2015-05-02 12:34:48][DEBUG]: Thermostat_Calc: Working with th_id=0 ,recept_id = 6 , on/off : off , mode: auto , Manual tp_set= 21.00 °C, Scenario=2
[2015-05-02 12:34:48][DEBUG]: Thermostat 0 is off
[2015-05-02 12:34:48][DEBUG]: [Encode Message] Starting Encoding Thermostat Message for dc_id: 6, tp_consigne: 0.00 , tp_current: 0.00 , demand: no demand
[2015-05-02 12:34:48][DEBUG_SQL]: SELECT packettype,subtype,id1,id2 FROM devices WHERE dc_id=6 LIMIT 1;
[2015-05-02 12:34:48][DEBUG]: [Encode Message] Encoding Message for device: 6, Packettype: 40, subtype: 00, id1: AA, id2: BB 
[2015-05-02 12:34:48][DEBUG]: Message sent: 09 40 00 00 AA BB 00 00 02 09 00 00 82 14 31
[2015-05-02 12:34:48][DEBUG]: Thermostat: Thermostat process terminated
[2015-05-02 22:28:36][INFO]: 
--------- Loading Mydombox Server configuration ---------
[2015-05-02 22:28:36][DEBUG]: LOG_FILE_PATH = log
[2015-05-02 22:28:36][DEBUG]: LOG_LEVEL = DEBUG_SQL
[2015-05-02 22:28:36][DEBUG]: MYSQL = 1
[2015-05-02 22:28:36][DEBUG]: HOSTNAME = localhost
[2015-05-02 22:28:36][DEBUG]: PORT = 3306
[2015-05-02 22:28:36][DEBUG]: LOGIN = mydombox
[2015-05-02 22:28:36][DEBUG]: PASSWORD = mydomboxpwd
[2015-05-02 22:28:36][DEBUG]: DATABASE = mydombox
[2015-05-02 22:28:36][DEBUG]: MODULE_RFXTRX433 = 0
[2015-05-02 22:28:36][DEBUG]: PORT_RFXTRX433 = /dev/ttyUSB1
[2015-05-02 22:28:36][DEBUG]: MODULE_ENOUSB300 = 0
[2015-05-02 22:28:36][DEBUG]: PORT_ENOUSB300 = /dev/ttyUSB0
[2015-05-02 22:28:36][DEBUG]: MODULE_SOAP = 1
[2015-05-02 22:28:36][DEBUG]: PORT_SOAP = 8888
[2015-05-02 22:28:36][DEBUG]: MODULE_RPIDOM = 0
[2015-05-02 22:28:36][DEBUG]: PORT_RPIDOM = /dev/ttyAMA0
[2015-05-02 22:28:36][DEBUG]: RPIDOM_TELE1_TYPE = 3
[2015-05-02 22:28:36][DEBUG]: RPIDOM_TELE2_TYPE = 0
[2015-05-02 22:28:36][DEBUG]: RPIDOM_1WIRE = 1
[2015-05-02 22:28:36][DEBUG]: MDB_CLOUD = 1
[2015-05-02 22:28:36][DEBUG]: MDB_KEY = 
[2015-05-02 22:28:36][DEBUG]: MDB_ID = 
[2015-05-02 22:28:36][DEBUG]: MDB_X_ISS_Key = aa08f68bbe7740779aab2e34ec236971
[2015-05-02 22:28:36][DEBUG]: MDB_X_OAPI_Key = 28FOP1901d0di3r8indCa2iNTnJoGCr9
[2015-05-02 22:28:36][DEBUG]: MDB_DATASOURCE = a4b3cc24b88642b28706b0e7e6316a89
[2015-05-02 22:28:36][DEBUG]: --------------------------------------------------------

[2015-05-02 22:28:36][DEBUG_SQL]: SELECT dc_id,sch_action FROM scheduler WHERE ((sch_day= 6) OR (sch_day=0)) AND ( CURRENT_TIME <= sch_time) AND (sch_time < TIME(ADDTIME(NOW(),'00:01:00')));
[2015-05-02 22:28:36][DEBUG]: Thermostat: Starting looking for thermostat
[2015-05-02 22:28:36][DEBUG_SQL]: SELECT th_id FROM thermostat
[2015-05-02 22:28:36][DEBUG_SQL]: SELECT recept_id,th_use,th_mode,tp_set,sc_id FROM thermostat WHERE th_id = 0 LIMIT 1;
[2015-05-02 22:28:36][DEBUG]: Thermostat_Calc: Working with th_id=0 ,recept_id = 6 , on/off : off , mode: auto , Manual tp_set= 21.00 °C, Scenario=2
[2015-05-02 22:28:36][DEBUG]: Thermostat 0 is off
[2015-05-02 22:28:36][DEBUG]: [Encode Message] Starting Encoding Thermostat Message for dc_id: 6, tp_consigne: 0.00 , tp_current: 0.00 , demand: no demand
[2015-05-02 22:28:36][DEBUG_SQL]: SELECT packettype,subtype,id1,id2 FROM devices WHERE dc_id=6 LIMIT 1;
[2015-05-02 22:28:36][DEBUG]: [Encode Message] Encoding Message for device: 6, Packettype: 40, subtype: 00, id1: AA, id2: BB 
[2015-05-02 22:28:36][DEBUG]: Message sent: 09 40 00 00 AA BB 00 00 02 09 00 00 82 14 31
[2015-05-02 22:28:36][DEBUG]: Thermostat: Thermostat process terminated
