[2015-05-01 16:56:49][INFO]: 
--------- Loading Mydombox Server configuration ---------
[2015-05-01 16:56:49][DEBUG]: LOG_FILE_PATH = log
[2015-05-01 16:56:49][DEBUG]: LOG_LEVEL = DEBUG_SQL
[2015-05-01 16:56:49][DEBUG]: MYSQL = 1
[2015-05-01 16:56:49][DEBUG]: HOSTNAME = localhost
[2015-05-01 16:56:49][DEBUG]: PORT = 3306
[2015-05-01 16:56:49][DEBUG]: LOGIN = mydombox
[2015-05-01 16:56:49][DEBUG]: PASSWORD = mydomboxpwd
[2015-05-01 16:56:49][DEBUG]: DATABASE = mydombox
[2015-05-01 16:56:49][DEBUG]: MODULE_RFXTRX433 = 0
[2015-05-01 16:56:49][DEBUG]: PORT_RFXTRX433 = /dev/ttyUSB1
[2015-05-01 16:56:49][DEBUG]: MODULE_ENOUSB300 = 0
[2015-05-01 16:56:49][DEBUG]: PORT_ENOUSB300 = /dev/ttyUSB0
[2015-05-01 16:56:49][DEBUG]: MODULE_SOAP = 1
[2015-05-01 16:56:49][DEBUG]: PORT_SOAP = 8888
[2015-05-01 16:56:49][DEBUG]: MODULE_RPIDOM = 0
[2015-05-01 16:56:49][DEBUG]: PORT_RPIDOM = /dev/ttyAMA0
[2015-05-01 16:56:49][DEBUG]: RPIDOM_TELE1_TYPE = 3
[2015-05-01 16:56:49][DEBUG]: RPIDOM_TELE2_TYPE = 0
[2015-05-01 16:56:49][DEBUG]: RPIDOM_1WIRE = 1
[2015-05-01 16:56:49][DEBUG]: MDB_CLOUD = 1
[2015-05-01 16:56:49][DEBUG]: MDB_KEY = 
[2015-05-01 16:56:49][DEBUG]: MDB_ID = 
[2015-05-01 16:56:49][DEBUG]: MDB_X_ISS_Key = aa08f68bbe7740779aab2e34ec236971
[2015-05-01 16:56:49][DEBUG]: MDB_X_OAPI_Key = 28FOP1901d0di3r8indCa2iNTnJoGCr9
[2015-05-01 16:56:49][DEBUG]: MDB_DATASOURCE = a4b3cc24b88642b28706b0e7e6316a89
[2015-05-01 16:56:49][DEBUG]: --------------------------------------------------------

[2015-05-01 16:56:49][INFO]: --------- Starting Mydombox Server ---------
[2015-05-01 16:56:49][INFO]: MySQL client version: 5.6.24
[2015-05-01 16:56:49][INFO]: Loglevel: DEBUG_SQL
[2015-05-01 16:56:49][INFO]: Learn Mode: 0
[2015-05-01 16:56:49][DEBUG_SQL]: SELECT * FROM devices;
[2015-05-01 16:57:04][INFO]: Module SOAP Started
[2015-05-01 16:57:04][INFO]: Socket connection successful
[2015-05-01 16:57:09][INFO]: 
--------- Loading Mydombox Server configuration ---------
[2015-05-01 16:57:09][DEBUG]: LOG_FILE_PATH = log
[2015-05-01 16:57:09][DEBUG]: LOG_LEVEL = DEBUG_SQL
[2015-05-01 16:57:09][DEBUG]: MYSQL = 1
[2015-05-01 16:57:09][DEBUG]: HOSTNAME = localhost
[2015-05-01 16:57:09][DEBUG]: PORT = 3306
[2015-05-01 16:57:09][DEBUG]: LOGIN = mydombox
[2015-05-01 16:57:09][DEBUG]: PASSWORD = mydomboxpwd
[2015-05-01 16:57:09][DEBUG]: DATABASE = mydombox
[2015-05-01 16:57:09][DEBUG]: MODULE_RFXTRX433 = 0
[2015-05-01 16:57:09][DEBUG]: PORT_RFXTRX433 = /dev/ttyUSB1
[2015-05-01 16:57:09][DEBUG]: MODULE_ENOUSB300 = 0
[2015-05-01 16:57:09][DEBUG]: PORT_ENOUSB300 = /dev/ttyUSB0
[2015-05-01 16:57:09][DEBUG]: MODULE_SOAP = 1
[2015-05-01 16:57:09][DEBUG]: PORT_SOAP = 8888
[2015-05-01 16:57:09][DEBUG]: MODULE_RPIDOM = 0
[2015-05-01 16:57:09][DEBUG]: PORT_RPIDOM = /dev/ttyAMA0
[2015-05-01 16:57:09][DEBUG]: RPIDOM_TELE1_TYPE = 3
[2015-05-01 16:57:09][DEBUG]: RPIDOM_TELE2_TYPE = 0
[2015-05-01 16:57:09][DEBUG]: RPIDOM_1WIRE = 1
[2015-05-01 16:57:09][DEBUG]: MDB_CLOUD = 1
[2015-05-01 16:57:09][DEBUG]: MDB_KEY = 
[2015-05-01 16:57:09][DEBUG]: MDB_ID = 
[2015-05-01 16:57:09][DEBUG]: MDB_X_ISS_Key = aa08f68bbe7740779aab2e34ec236971
[2015-05-01 16:57:09][DEBUG]: MDB_X_OAPI_Key = 28FOP1901d0di3r8indCa2iNTnJoGCr9
[2015-05-01 16:57:09][DEBUG]: MDB_DATASOURCE = a4b3cc24b88642b28706b0e7e6316a89
[2015-05-01 16:57:09][DEBUG]: --------------------------------------------------------

[2015-05-01 16:57:09][DEBUG_SQL]: SELECT dc_id,sch_action FROM scheduler WHERE ((sch_day= 5) OR (sch_day=0)) AND ( CURRENT_TIME <= sch_time) AND (sch_time < TIME(ADDTIME(NOW(),'00:01:00')));
[2015-05-01 16:57:09][DEBUG]: Thermostat: Starting looking for thermostat
[2015-05-01 16:57:09][DEBUG_SQL]: SELECT th_id FROM thermostat
[2015-05-01 16:57:09][DEBUG_SQL]: SELECT recept_id,th_use,th_mode,tp_set,sc_id FROM thermostat WHERE th_id = 0 LIMIT 1;
[2015-05-01 16:57:09][DEBUG]: Thermostat_Calc: Working with th_id=0 ,recept_id = 6 , on/off : off , mode: auto , Manual tp_set= 21.00 °C, Scenario=2
[2015-05-01 16:57:09][DEBUG]: Thermostat 0 is off
[2015-05-01 16:57:09][DEBUG]: [Encode Message] Starting Encoding Thermostat Message for dc_id: 6, tp_consigne: 0.00 , tp_current: 0.00 , demand: no demand
[2015-05-01 16:57:09][DEBUG_SQL]: SELECT packettype,subtype,id1,id2 FROM devices WHERE dc_id=6 LIMIT 1;
[2015-05-01 16:57:09][DEBUG]: [Encode Message] Encoding Message for device: 6, Packettype: 40, subtype: 00, id1: AA, id2: BB 
[2015-05-01 16:57:09][DEBUG]: Message sent: 09 40 00 00 AA BB 00 00 02 09 00 00 82 14 31
[2015-05-01 16:57:09][DEBUG]: Thermostat: Thermostat process terminated
[2015-05-01 16:58:09][INFO]: 
--------- Loading Mydombox Server configuration ---------
[2015-05-01 16:58:09][DEBUG]: LOG_FILE_PATH = log
[2015-05-01 16:58:09][DEBUG]: LOG_LEVEL = DEBUG_SQL
[2015-05-01 16:58:09][DEBUG]: MYSQL = 1
[2015-05-01 16:58:09][DEBUG]: HOSTNAME = localhost
[2015-05-01 16:58:09][DEBUG]: PORT = 3306
[2015-05-01 16:58:09][DEBUG]: LOGIN = mydombox
[2015-05-01 16:58:09][DEBUG]: PASSWORD = mydomboxpwd
[2015-05-01 16:58:09][DEBUG]: DATABASE = mydombox
[2015-05-01 16:58:09][DEBUG]: MODULE_RFXTRX433 = 0
[2015-05-01 16:58:09][DEBUG]: PORT_RFXTRX433 = /dev/ttyUSB1
[2015-05-01 16:58:09][DEBUG]: MODULE_ENOUSB300 = 0
[2015-05-01 16:58:09][DEBUG]: PORT_ENOUSB300 = /dev/ttyUSB0
[2015-05-01 16:58:09][DEBUG]: MODULE_SOAP = 1
[2015-05-01 16:58:09][DEBUG]: PORT_SOAP = 8888
[2015-05-01 16:58:09][DEBUG]: MODULE_RPIDOM = 0
[2015-05-01 16:58:09][DEBUG]: PORT_RPIDOM = /dev/ttyAMA0
[2015-05-01 16:58:09][DEBUG]: RPIDOM_TELE1_TYPE = 3
[2015-05-01 16:58:09][DEBUG]: RPIDOM_TELE2_TYPE = 0
[2015-05-01 16:58:09][DEBUG]: RPIDOM_1WIRE = 1
[2015-05-01 16:58:09][DEBUG]: MDB_CLOUD = 1
[2015-05-01 16:58:09][DEBUG]: MDB_KEY = 
[2015-05-01 16:58:09][DEBUG]: MDB_ID = 
[2015-05-01 16:58:09][DEBUG]: MDB_X_ISS_Key = aa08f68bbe7740779aab2e34ec236971
[2015-05-01 16:58:09][DEBUG]: MDB_X_OAPI_Key = 28FOP1901d0di3r8indCa2iNTnJoGCr9
[2015-05-01 16:58:09][DEBUG]: MDB_DATASOURCE = a4b3cc24b88642b28706b0e7e6316a89
[2015-05-01 16:58:09][DEBUG]: --------------------------------------------------------

[2015-05-01 16:58:09][DEBUG_SQL]: SELECT dc_id,sch_action FROM scheduler WHERE ((sch_day= 5) OR (sch_day=0)) AND ( CURRENT_TIME <= sch_time) AND (sch_time < TIME(ADDTIME(NOW(),'00:01:00')));
[2015-05-01 16:58:09][DEBUG]: Thermostat: Starting looking for thermostat
[2015-05-01 16:58:09][DEBUG_SQL]: SELECT th_id FROM thermostat
[2015-05-01 16:58:09][DEBUG_SQL]: SELECT recept_id,th_use,th_mode,tp_set,sc_id FROM thermostat WHERE th_id = 0 LIMIT 1;
[2015-05-01 16:58:09][DEBUG]: Thermostat_Calc: Working with th_id=0 ,recept_id = 6 , on/off : off , mode: auto , Manual tp_set= 21.00 °C, Scenario=2
[2015-05-01 16:58:09][DEBUG]: Thermostat 0 is off
[2015-05-01 16:58:09][DEBUG]: [Encode Message] Starting Encoding Thermostat Message for dc_id: 6, tp_consigne: 0.00 , tp_current: 0.00 , demand: no demand
[2015-05-01 16:58:09][DEBUG_SQL]: SELECT packettype,subtype,id1,id2 FROM devices WHERE dc_id=6 LIMIT 1;
[2015-05-01 16:58:09][DEBUG]: [Encode Message] Encoding Message for device: 6, Packettype: 40, subtype: 00, id1: AA, id2: BB 
[2015-05-01 16:58:09][DEBUG]: Message sent: 09 40 00 00 AA BB 00 00 02 09 00 00 82 14 31
[2015-05-01 16:58:09][DEBUG]: Thermostat: Thermostat process terminated
[2015-05-01 16:59:09][INFO]: 
--------- Loading Mydombox Server configuration ---------
[2015-05-01 16:59:09][DEBUG]: LOG_FILE_PATH = log
[2015-05-01 16:59:09][DEBUG]: LOG_LEVEL = DEBUG_SQL
[2015-05-01 16:59:09][DEBUG]: MYSQL = 1
[2015-05-01 16:59:09][DEBUG]: HOSTNAME = localhost
[2015-05-01 16:59:09][DEBUG]: PORT = 3306
[2015-05-01 16:59:09][DEBUG]: LOGIN = mydombox
[2015-05-01 16:59:09][DEBUG]: PASSWORD = mydomboxpwd
[2015-05-01 16:59:09][DEBUG]: DATABASE = mydombox
[2015-05-01 16:59:09][DEBUG]: MODULE_RFXTRX433 = 0
[2015-05-01 16:59:09][DEBUG]: PORT_RFXTRX433 = /dev/ttyUSB1
[2015-05-01 16:59:09][DEBUG]: MODULE_ENOUSB300 = 0
[2015-05-01 16:59:09][DEBUG]: PORT_ENOUSB300 = /dev/ttyUSB0
[2015-05-01 16:59:09][DEBUG]: MODULE_SOAP = 1
[2015-05-01 16:59:09][DEBUG]: PORT_SOAP = 8888
[2015-05-01 16:59:09][DEBUG]: MODULE_RPIDOM = 0
[2015-05-01 16:59:09][DEBUG]: PORT_RPIDOM = /dev/ttyAMA0
[2015-05-01 16:59:09][DEBUG]: RPIDOM_TELE1_TYPE = 3
[2015-05-01 16:59:09][DEBUG]: RPIDOM_TELE2_TYPE = 0
[2015-05-01 16:59:09][DEBUG]: RPIDOM_1WIRE = 1
[2015-05-01 16:59:09][DEBUG]: MDB_CLOUD = 1
[2015-05-01 16:59:09][DEBUG]: MDB_KEY = 
[2015-05-01 16:59:09][DEBUG]: MDB_ID = 
[2015-05-01 16:59:09][DEBUG]: MDB_X_ISS_Key = aa08f68bbe7740779aab2e34ec236971
[2015-05-01 16:59:09][DEBUG]: MDB_X_OAPI_Key = 28FOP1901d0di3r8indCa2iNTnJoGCr9
[2015-05-01 16:59:09][DEBUG]: MDB_DATASOURCE = a4b3cc24b88642b28706b0e7e6316a89
[2015-05-01 16:59:09][DEBUG]: --------------------------------------------------------

[2015-05-01 16:59:09][DEBUG_SQL]: SELECT dc_id,sch_action FROM scheduler WHERE ((sch_day= 5) OR (sch_day=0)) AND ( CURRENT_TIME <= sch_time) AND (sch_time < TIME(ADDTIME(NOW(),'00:01:00')));
[2015-05-01 16:59:09][DEBUG]: Thermostat: Starting looking for thermostat
[2015-05-01 16:59:09][DEBUG_SQL]: SELECT th_id FROM thermostat
[2015-05-01 16:59:09][DEBUG_SQL]: SELECT recept_id,th_use,th_mode,tp_set,sc_id FROM thermostat WHERE th_id = 0 LIMIT 1;
[2015-05-01 16:59:09][DEBUG]: Thermostat_Calc: Working with th_id=0 ,recept_id = 6 , on/off : off , mode: auto , Manual tp_set= 21.00 °C, Scenario=2
[2015-05-01 16:59:09][DEBUG]: Thermostat 0 is off
[2015-05-01 16:59:09][DEBUG]: [Encode Message] Starting Encoding Thermostat Message for dc_id: 6, tp_consigne: 0.00 , tp_current: 0.00 , demand: no demand
[2015-05-01 16:59:09][DEBUG_SQL]: SELECT packettype,subtype,id1,id2 FROM devices WHERE dc_id=6 LIMIT 1;
[2015-05-01 16:59:09][DEBUG]: [Encode Message] Encoding Message for device: 6, Packettype: 40, subtype: 00, id1: AA, id2: BB 
[2015-05-01 16:59:09][DEBUG]: Message sent: 09 40 00 00 AA BB 00 00 02 09 00 00 82 14 31
[2015-05-01 16:59:09][DEBUG]: Thermostat: Thermostat process terminated
[2015-05-01 17:00:09][INFO]: 
--------- Loading Mydombox Server configuration ---------
[2015-05-01 17:00:09][DEBUG]: LOG_FILE_PATH = log
[2015-05-01 17:00:09][DEBUG]: LOG_LEVEL = DEBUG_SQL
[2015-05-01 17:00:09][DEBUG]: MYSQL = 1
[2015-05-01 17:00:09][DEBUG]: HOSTNAME = localhost
[2015-05-01 17:00:09][DEBUG]: PORT = 3306
[2015-05-01 17:00:09][DEBUG]: LOGIN = mydombox
[2015-05-01 17:00:09][DEBUG]: PASSWORD = mydomboxpwd
[2015-05-01 17:00:09][DEBUG]: DATABASE = mydombox
[2015-05-01 17:00:09][DEBUG]: MODULE_RFXTRX433 = 0
[2015-05-01 17:00:09][DEBUG]: PORT_RFXTRX433 = /dev/ttyUSB1
[2015-05-01 17:00:09][DEBUG]: MODULE_ENOUSB300 = 0
[2015-05-01 17:00:09][DEBUG]: PORT_ENOUSB300 = /dev/ttyUSB0
[2015-05-01 17:00:09][DEBUG]: MODULE_SOAP = 1
[2015-05-01 17:00:09][DEBUG]: PORT_SOAP = 8888
[2015-05-01 17:00:09][DEBUG]: MODULE_RPIDOM = 0
[2015-05-01 17:00:09][DEBUG]: PORT_RPIDOM = /dev/ttyAMA0
[2015-05-01 17:00:09][DEBUG]: RPIDOM_TELE1_TYPE = 3
[2015-05-01 17:00:09][DEBUG]: RPIDOM_TELE2_TYPE = 0
[2015-05-01 17:00:09][DEBUG]: RPIDOM_1WIRE = 1
[2015-05-01 17:00:09][DEBUG]: MDB_CLOUD = 1
[2015-05-01 17:00:09][DEBUG]: MDB_KEY = 
[2015-05-01 17:00:09][DEBUG]: MDB_ID = 
[2015-05-01 17:00:09][DEBUG]: MDB_X_ISS_Key = aa08f68bbe7740779aab2e34ec236971
[2015-05-01 17:00:09][DEBUG]: MDB_X_OAPI_Key = 28FOP1901d0di3r8indCa2iNTnJoGCr9
[2015-05-01 17:00:09][DEBUG]: MDB_DATASOURCE = a4b3cc24b88642b28706b0e7e6316a89
[2015-05-01 17:00:09][DEBUG]: --------------------------------------------------------

[2015-05-01 17:00:09][DEBUG_SQL]: SELECT dc_id,sch_action FROM scheduler WHERE ((sch_day= 5) OR (sch_day=0)) AND ( CURRENT_TIME <= sch_time) AND (sch_time < TIME(ADDTIME(NOW(),'00:01:00')));
[2015-05-01 17:00:09][DEBUG]: Thermostat: Starting looking for thermostat
[2015-05-01 17:00:09][DEBUG_SQL]: SELECT th_id FROM thermostat
[2015-05-01 17:00:09][DEBUG_SQL]: SELECT recept_id,th_use,th_mode,tp_set,sc_id FROM thermostat WHERE th_id = 0 LIMIT 1;
[2015-05-01 17:00:09][DEBUG]: Thermostat_Calc: Working with th_id=0 ,recept_id = 6 , on/off : off , mode: auto , Manual tp_set= 21.00 °C, Scenario=2
[2015-05-01 17:00:09][DEBUG]: Thermostat 0 is off
[2015-05-01 17:00:09][DEBUG]: [Encode Message] Starting Encoding Thermostat Message for dc_id: 6, tp_consigne: 0.00 , tp_current: 0.00 , demand: no demand
[2015-05-01 17:00:09][DEBUG_SQL]: SELECT packettype,subtype,id1,id2 FROM devices WHERE dc_id=6 LIMIT 1;
[2015-05-01 17:00:09][DEBUG]: [Encode Message] Encoding Message for device: 6, Packettype: 40, subtype: 00, id1: AA, id2: BB 
[2015-05-01 17:00:09][DEBUG]: Message sent: 09 40 00 00 AA BB 00 00 02 09 00 00 82 14 31
[2015-05-01 17:00:09][DEBUG]: Thermostat: Thermostat process terminated
[2015-05-01 17:01:09][INFO]: 
--------- Loading Mydombox Server configuration ---------
[2015-05-01 17:01:09][DEBUG]: LOG_FILE_PATH = log
[2015-05-01 17:01:09][DEBUG]: LOG_LEVEL = DEBUG_SQL
[2015-05-01 17:01:09][DEBUG]: MYSQL = 1
[2015-05-01 17:01:09][DEBUG]: HOSTNAME = localhost
[2015-05-01 17:01:09][DEBUG]: PORT = 3306
[2015-05-01 17:01:09][DEBUG]: LOGIN = mydombox
[2015-05-01 17:01:09][DEBUG]: PASSWORD = mydomboxpwd
[2015-05-01 17:01:09][DEBUG]: DATABASE = mydombox
[2015-05-01 17:01:09][DEBUG]: MODULE_RFXTRX433 = 0
[2015-05-01 17:01:09][DEBUG]: PORT_RFXTRX433 = /dev/ttyUSB1
[2015-05-01 17:01:09][DEBUG]: MODULE_ENOUSB300 = 0
[2015-05-01 17:01:09][DEBUG]: PORT_ENOUSB300 = /dev/ttyUSB0
[2015-05-01 17:01:09][DEBUG]: MODULE_SOAP = 1
[2015-05-01 17:01:09][DEBUG]: PORT_SOAP = 8888
[2015-05-01 17:01:09][DEBUG]: MODULE_RPIDOM = 0
[2015-05-01 17:01:09][DEBUG]: PORT_RPIDOM = /dev/ttyAMA0
[2015-05-01 17:01:09][DEBUG]: RPIDOM_TELE1_TYPE = 3
[2015-05-01 17:01:09][DEBUG]: RPIDOM_TELE2_TYPE = 0
[2015-05-01 17:01:09][DEBUG]: RPIDOM_1WIRE = 1
[2015-05-01 17:01:09][DEBUG]: MDB_CLOUD = 1
[2015-05-01 17:01:09][DEBUG]: MDB_KEY = 
[2015-05-01 17:01:09][DEBUG]: MDB_ID = 
[2015-05-01 17:01:09][DEBUG]: MDB_X_ISS_Key = aa08f68bbe7740779aab2e34ec236971
[2015-05-01 17:01:09][DEBUG]: MDB_X_OAPI_Key = 28FOP1901d0di3r8indCa2iNTnJoGCr9
[2015-05-01 17:01:09][DEBUG]: MDB_DATASOURCE = a4b3cc24b88642b28706b0e7e6316a89
[2015-05-01 17:01:09][DEBUG]: --------------------------------------------------------

[2015-05-01 17:01:09][DEBUG_SQL]: SELECT dc_id,sch_action FROM scheduler WHERE ((sch_day= 5) OR (sch_day=0)) AND ( CURRENT_TIME <= sch_time) AND (sch_time < TIME(ADDTIME(NOW(),'00:01:00')));
[2015-05-01 17:01:09][DEBUG]: Thermostat: Starting looking for thermostat
[2015-05-01 17:01:09][DEBUG_SQL]: SELECT th_id FROM thermostat
[2015-05-01 17:01:09][DEBUG_SQL]: SELECT recept_id,th_use,th_mode,tp_set,sc_id FROM thermostat WHERE th_id = 0 LIMIT 1;
[2015-05-01 17:01:09][DEBUG]: Thermostat_Calc: Working with th_id=0 ,recept_id = 6 , on/off : off , mode: auto , Manual tp_set= 21.00 °C, Scenario=2
[2015-05-01 17:01:09][DEBUG]: Thermostat 0 is off
[2015-05-01 17:01:09][DEBUG]: [Encode Message] Starting Encoding Thermostat Message for dc_id: 6, tp_consigne: 0.00 , tp_current: 0.00 , demand: no demand
[2015-05-01 17:01:09][DEBUG_SQL]: SELECT packettype,subtype,id1,id2 FROM devices WHERE dc_id=6 LIMIT 1;
[2015-05-01 17:01:09][DEBUG]: [Encode Message] Encoding Message for device: 6, Packettype: 40, subtype: 00, id1: AA, id2: BB 
[2015-05-01 17:01:09][DEBUG]: Message sent: 09 40 00 00 AA BB 00 00 02 09 00 00 82 14 31
[2015-05-01 17:01:09][DEBUG]: Thermostat: Thermostat process terminated
[2015-05-01 17:02:09][INFO]: 
--------- Loading Mydombox Server configuration ---------
[2015-05-01 17:02:09][DEBUG]: LOG_FILE_PATH = log
[2015-05-01 17:02:09][DEBUG]: LOG_LEVEL = DEBUG_SQL
[2015-05-01 17:02:09][DEBUG]: MYSQL = 1
[2015-05-01 17:02:09][DEBUG]: HOSTNAME = localhost
[2015-05-01 17:02:09][DEBUG]: PORT = 3306
[2015-05-01 17:02:09][DEBUG]: LOGIN = mydombox
[2015-05-01 17:02:09][DEBUG]: PASSWORD = mydomboxpwd
[2015-05-01 17:02:09][DEBUG]: DATABASE = mydombox
[2015-05-01 17:02:09][DEBUG]: MODULE_RFXTRX433 = 0
[2015-05-01 17:02:09][DEBUG]: PORT_RFXTRX433 = /dev/ttyUSB1
[2015-05-01 17:02:09][DEBUG]: MODULE_ENOUSB300 = 0
[2015-05-01 17:02:09][DEBUG]: PORT_ENOUSB300 = /dev/ttyUSB0
[2015-05-01 17:02:09][DEBUG]: MODULE_SOAP = 1
[2015-05-01 17:02:09][DEBUG]: PORT_SOAP = 8888
[2015-05-01 17:02:09][DEBUG]: MODULE_RPIDOM = 0
[2015-05-01 17:02:09][DEBUG]: PORT_RPIDOM = /dev/ttyAMA0
[2015-05-01 17:02:09][DEBUG]: RPIDOM_TELE1_TYPE = 3
[2015-05-01 17:02:09][DEBUG]: RPIDOM_TELE2_TYPE = 0
[2015-05-01 17:02:09][DEBUG]: RPIDOM_1WIRE = 1
[2015-05-01 17:02:09][DEBUG]: MDB_CLOUD = 1
[2015-05-01 17:02:09][DEBUG]: MDB_KEY = 
[2015-05-01 17:02:09][DEBUG]: MDB_ID = 
[2015-05-01 17:02:09][DEBUG]: MDB_X_ISS_Key = aa08f68bbe7740779aab2e34ec236971
[2015-05-01 17:02:09][DEBUG]: MDB_X_OAPI_Key = 28FOP1901d0di3r8indCa2iNTnJoGCr9
[2015-05-01 17:02:09][DEBUG]: MDB_DATASOURCE = a4b3cc24b88642b28706b0e7e6316a89
[2015-05-01 17:02:09][DEBUG]: --------------------------------------------------------

[2015-05-01 17:02:09][DEBUG_SQL]: SELECT dc_id,sch_action FROM scheduler WHERE ((sch_day= 5) OR (sch_day=0)) AND ( CURRENT_TIME <= sch_time) AND (sch_time < TIME(ADDTIME(NOW(),'00:01:00')));
[2015-05-01 17:02:09][DEBUG]: Thermostat: Starting looking for thermostat
[2015-05-01 17:02:09][DEBUG_SQL]: SELECT th_id FROM thermostat
[2015-05-01 17:02:09][DEBUG_SQL]: SELECT recept_id,th_use,th_mode,tp_set,sc_id FROM thermostat WHERE th_id = 0 LIMIT 1;
[2015-05-01 17:02:09][DEBUG]: Thermostat_Calc: Working with th_id=0 ,recept_id = 6 , on/off : off , mode: auto , Manual tp_set= 21.00 °C, Scenario=2
[2015-05-01 17:02:09][DEBUG]: Thermostat 0 is off
[2015-05-01 17:02:09][DEBUG]: [Encode Message] Starting Encoding Thermostat Message for dc_id: 6, tp_consigne: 0.00 , tp_current: 0.00 , demand: no demand
[2015-05-01 17:02:09][DEBUG_SQL]: SELECT packettype,subtype,id1,id2 FROM devices WHERE dc_id=6 LIMIT 1;
[2015-05-01 17:02:09][DEBUG]: [Encode Message] Encoding Message for device: 6, Packettype: 40, subtype: 00, id1: AA, id2: BB 
[2015-05-01 17:02:09][DEBUG]: Message sent: 09 40 00 00 AA BB 00 00 02 09 00 00 82 14 31
[2015-05-01 17:02:09][DEBUG]: Thermostat: Thermostat process terminated
[2015-05-01 17:03:09][INFO]: 
--------- Loading Mydombox Server configuration ---------
[2015-05-01 17:03:09][DEBUG]: LOG_FILE_PATH = log
[2015-05-01 17:03:09][DEBUG]: LOG_LEVEL = DEBUG_SQL
[2015-05-01 17:03:09][DEBUG]: MYSQL = 1
[2015-05-01 17:03:09][DEBUG]: HOSTNAME = localhost
[2015-05-01 17:03:09][DEBUG]: PORT = 3306
[2015-05-01 17:03:09][DEBUG]: LOGIN = mydombox
[2015-05-01 17:03:09][DEBUG]: PASSWORD = mydomboxpwd
[2015-05-01 17:03:09][DEBUG]: DATABASE = mydombox
[2015-05-01 17:03:09][DEBUG]: MODULE_RFXTRX433 = 0
[2015-05-01 17:03:09][DEBUG]: PORT_RFXTRX433 = /dev/ttyUSB1
[2015-05-01 17:03:09][DEBUG]: MODULE_ENOUSB300 = 0
[2015-05-01 17:03:09][DEBUG]: PORT_ENOUSB300 = /dev/ttyUSB0
[2015-05-01 17:03:09][DEBUG]: MODULE_SOAP = 1
[2015-05-01 17:03:09][DEBUG]: PORT_SOAP = 8888
[2015-05-01 17:03:09][DEBUG]: MODULE_RPIDOM = 0
[2015-05-01 17:03:09][DEBUG]: PORT_RPIDOM = /dev/ttyAMA0
[2015-05-01 17:03:09][DEBUG]: RPIDOM_TELE1_TYPE = 3
[2015-05-01 17:03:09][DEBUG]: RPIDOM_TELE2_TYPE = 0
[2015-05-01 17:03:09][DEBUG]: RPIDOM_1WIRE = 1
[2015-05-01 17:03:09][DEBUG]: MDB_CLOUD = 1
[2015-05-01 17:03:09][DEBUG]: MDB_KEY = 
[2015-05-01 17:03:09][DEBUG]: MDB_ID = 
[2015-05-01 17:03:09][DEBUG]: MDB_X_ISS_Key = aa08f68bbe7740779aab2e34ec236971
[2015-05-01 17:03:09][DEBUG]: MDB_X_OAPI_Key = 28FOP1901d0di3r8indCa2iNTnJoGCr9
[2015-05-01 17:03:09][DEBUG]: MDB_DATASOURCE = a4b3cc24b88642b28706b0e7e6316a89
[2015-05-01 17:03:09][DEBUG]: --------------------------------------------------------

[2015-05-01 17:03:09][DEBUG_SQL]: SELECT dc_id,sch_action FROM scheduler WHERE ((sch_day= 5) OR (sch_day=0)) AND ( CURRENT_TIME <= sch_time) AND (sch_time < TIME(ADDTIME(NOW(),'00:01:00')));
[2015-05-01 17:03:09][DEBUG]: Thermostat: Starting looking for thermostat
[2015-05-01 17:03:09][DEBUG_SQL]: SELECT th_id FROM thermostat
[2015-05-01 17:03:09][DEBUG_SQL]: SELECT recept_id,th_use,th_mode,tp_set,sc_id FROM thermostat WHERE th_id = 0 LIMIT 1;
[2015-05-01 17:03:09][DEBUG]: Thermostat_Calc: Working with th_id=0 ,recept_id = 6 , on/off : off , mode: auto , Manual tp_set= 21.00 °C, Scenario=2
[2015-05-01 17:03:09][DEBUG]: Thermostat 0 is off
[2015-05-01 17:03:09][DEBUG]: [Encode Message] Starting Encoding Thermostat Message for dc_id: 6, tp_consigne: 0.00 , tp_current: 0.00 , demand: no demand
[2015-05-01 17:03:09][DEBUG_SQL]: SELECT packettype,subtype,id1,id2 FROM devices WHERE dc_id=6 LIMIT 1;
[2015-05-01 17:03:09][DEBUG]: [Encode Message] Encoding Message for device: 6, Packettype: 40, subtype: 00, id1: AA, id2: BB 
[2015-05-01 17:03:09][DEBUG]: Message sent: 09 40 00 00 AA BB 00 00 02 09 00 00 82 14 31
[2015-05-01 17:03:09][DEBUG]: Thermostat: Thermostat process terminated
[2015-05-01 17:04:09][INFO]: 
--------- Loading Mydombox Server configuration ---------
[2015-05-01 17:04:09][DEBUG]: LOG_FILE_PATH = log
[2015-05-01 17:04:09][DEBUG]: LOG_LEVEL = DEBUG_SQL
[2015-05-01 17:04:09][DEBUG]: MYSQL = 1
[2015-05-01 17:04:09][DEBUG]: HOSTNAME = localhost
[2015-05-01 17:04:09][DEBUG]: PORT = 3306
[2015-05-01 17:04:09][DEBUG]: LOGIN = mydombox
[2015-05-01 17:04:09][DEBUG]: PASSWORD = mydomboxpwd
[2015-05-01 17:04:09][DEBUG]: DATABASE = mydombox
[2015-05-01 17:04:09][DEBUG]: MODULE_RFXTRX433 = 0
[2015-05-01 17:04:09][DEBUG]: PORT_RFXTRX433 = /dev/ttyUSB1
[2015-05-01 17:04:09][DEBUG]: MODULE_ENOUSB300 = 0
[2015-05-01 17:04:09][DEBUG]: PORT_ENOUSB300 = /dev/ttyUSB0
[2015-05-01 17:04:09][DEBUG]: MODULE_SOAP = 1
[2015-05-01 17:04:09][DEBUG]: PORT_SOAP = 8888
[2015-05-01 17:04:09][DEBUG]: MODULE_RPIDOM = 0
[2015-05-01 17:04:09][DEBUG]: PORT_RPIDOM = /dev/ttyAMA0
[2015-05-01 17:04:09][DEBUG]: RPIDOM_TELE1_TYPE = 3
[2015-05-01 17:04:09][DEBUG]: RPIDOM_TELE2_TYPE = 0
[2015-05-01 17:04:09][DEBUG]: RPIDOM_1WIRE = 1
[2015-05-01 17:04:09][DEBUG]: MDB_CLOUD = 1
[2015-05-01 17:04:09][DEBUG]: MDB_KEY = 
[2015-05-01 17:04:09][DEBUG]: MDB_ID = 
[2015-05-01 17:04:09][DEBUG]: MDB_X_ISS_Key = aa08f68bbe7740779aab2e34ec236971
[2015-05-01 17:04:09][DEBUG]: MDB_X_OAPI_Key = 28FOP1901d0di3r8indCa2iNTnJoGCr9
[2015-05-01 17:04:09][DEBUG]: MDB_DATASOURCE = a4b3cc24b88642b28706b0e7e6316a89
[2015-05-01 17:04:09][DEBUG]: --------------------------------------------------------

[2015-05-01 17:04:09][DEBUG_SQL]: SELECT dc_id,sch_action FROM scheduler WHERE ((sch_day= 5) OR (sch_day=0)) AND ( CURRENT_TIME <= sch_time) AND (sch_time < TIME(ADDTIME(NOW(),'00:01:00')));
[2015-05-01 17:04:09][DEBUG]: Thermostat: Starting looking for thermostat
[2015-05-01 17:04:09][DEBUG_SQL]: SELECT th_id FROM thermostat
[2015-05-01 17:04:09][DEBUG_SQL]: SELECT recept_id,th_use,th_mode,tp_set,sc_id FROM thermostat WHERE th_id = 0 LIMIT 1;
[2015-05-01 17:04:09][DEBUG]: Thermostat_Calc: Working with th_id=0 ,recept_id = 6 , on/off : off , mode: auto , Manual tp_set= 21.00 °C, Scenario=2
[2015-05-01 17:04:09][DEBUG]: Thermostat 0 is off
[2015-05-01 17:04:09][DEBUG]: [Encode Message] Starting Encoding Thermostat Message for dc_id: 6, tp_consigne: 0.00 , tp_current: 0.00 , demand: no demand
[2015-05-01 17:04:09][DEBUG_SQL]: SELECT packettype,subtype,id1,id2 FROM devices WHERE dc_id=6 LIMIT 1;
[2015-05-01 17:04:09][DEBUG]: [Encode Message] Encoding Message for device: 6, Packettype: 40, subtype: 00, id1: AA, id2: BB 
[2015-05-01 17:04:09][DEBUG]: Message sent: 09 40 00 00 AA BB 00 00 02 09 00 00 82 14 31
[2015-05-01 17:04:09][DEBUG]: Thermostat: Thermostat process terminated
[2015-05-01 17:05:09][INFO]: 
--------- Loading Mydombox Server configuration ---------
[2015-05-01 17:05:09][DEBUG]: LOG_FILE_PATH = log
[2015-05-01 17:05:09][DEBUG]: LOG_LEVEL = DEBUG_SQL
[2015-05-01 17:05:09][DEBUG]: MYSQL = 1
[2015-05-01 17:05:09][DEBUG]: HOSTNAME = localhost
[2015-05-01 17:05:09][DEBUG]: PORT = 3306
[2015-05-01 17:05:09][DEBUG]: LOGIN = mydombox
[2015-05-01 17:05:09][DEBUG]: PASSWORD = mydomboxpwd
[2015-05-01 17:05:09][DEBUG]: DATABASE = mydombox
[2015-05-01 17:05:09][DEBUG]: MODULE_RFXTRX433 = 0
[2015-05-01 17:05:09][DEBUG]: PORT_RFXTRX433 = /dev/ttyUSB1
[2015-05-01 17:05:09][DEBUG]: MODULE_ENOUSB300 = 0
[2015-05-01 17:05:09][DEBUG]: PORT_ENOUSB300 = /dev/ttyUSB0
[2015-05-01 17:05:09][DEBUG]: MODULE_SOAP = 1
[2015-05-01 17:05:09][DEBUG]: PORT_SOAP = 8888
[2015-05-01 17:05:09][DEBUG]: MODULE_RPIDOM = 0
[2015-05-01 17:05:09][DEBUG]: PORT_RPIDOM = /dev/ttyAMA0
[2015-05-01 17:05:09][DEBUG]: RPIDOM_TELE1_TYPE = 3
[2015-05-01 17:05:09][DEBUG]: RPIDOM_TELE2_TYPE = 0
[2015-05-01 17:05:09][DEBUG]: RPIDOM_1WIRE = 1
[2015-05-01 17:05:09][DEBUG]: MDB_CLOUD = 1
[2015-05-01 17:05:09][DEBUG]: MDB_KEY = 
[2015-05-01 17:05:09][DEBUG]: MDB_ID = 
[2015-05-01 17:05:09][DEBUG]: MDB_X_ISS_Key = aa08f68bbe7740779aab2e34ec236971
[2015-05-01 17:05:09][DEBUG]: MDB_X_OAPI_Key = 28FOP1901d0di3r8indCa2iNTnJoGCr9
[2015-05-01 17:05:09][DEBUG]: MDB_DATASOURCE = a4b3cc24b88642b28706b0e7e6316a89
[2015-05-01 17:05:09][DEBUG]: --------------------------------------------------------

[2015-05-01 17:05:09][DEBUG_SQL]: SELECT dc_id,sch_action FROM scheduler WHERE ((sch_day= 5) OR (sch_day=0)) AND ( CURRENT_TIME <= sch_time) AND (sch_time < TIME(ADDTIME(NOW(),'00:01:00')));
[2015-05-01 17:05:09][DEBUG]: Thermostat: Starting looking for thermostat
[2015-05-01 17:05:09][DEBUG_SQL]: SELECT th_id FROM thermostat
[2015-05-01 17:05:09][DEBUG_SQL]: SELECT recept_id,th_use,th_mode,tp_set,sc_id FROM thermostat WHERE th_id = 0 LIMIT 1;
[2015-05-01 17:05:09][DEBUG]: Thermostat_Calc: Working with th_id=0 ,recept_id = 6 , on/off : off , mode: auto , Manual tp_set= 21.00 °C, Scenario=2
[2015-05-01 17:05:09][DEBUG]: Thermostat 0 is off
[2015-05-01 17:05:09][DEBUG]: [Encode Message] Starting Encoding Thermostat Message for dc_id: 6, tp_consigne: 0.00 , tp_current: 0.00 , demand: no demand
[2015-05-01 17:05:09][DEBUG_SQL]: SELECT packettype,subtype,id1,id2 FROM devices WHERE dc_id=6 LIMIT 1;
[2015-05-01 17:05:09][DEBUG]: [Encode Message] Encoding Message for device: 6, Packettype: 40, subtype: 00, id1: AA, id2: BB 
[2015-05-01 17:05:09][DEBUG]: Message sent: 09 40 00 00 AA BB 00 00 02 09 00 00 82 14 31
[2015-05-01 17:05:09][DEBUG]: Thermostat: Thermostat process terminated
[2015-05-01 17:06:09][INFO]: 
--------- Loading Mydombox Server configuration ---------
[2015-05-01 17:06:09][DEBUG]: LOG_FILE_PATH = log
[2015-05-01 17:06:09][DEBUG]: LOG_LEVEL = DEBUG_SQL
[2015-05-01 17:06:09][DEBUG]: MYSQL = 1
[2015-05-01 17:06:09][DEBUG]: HOSTNAME = localhost
[2015-05-01 17:06:09][DEBUG]: PORT = 3306
[2015-05-01 17:06:09][DEBUG]: LOGIN = mydombox
[2015-05-01 17:06:09][DEBUG]: PASSWORD = mydomboxpwd
[2015-05-01 17:06:09][DEBUG]: DATABASE = mydombox
[2015-05-01 17:06:09][DEBUG]: MODULE_RFXTRX433 = 0
[2015-05-01 17:06:09][DEBUG]: PORT_RFXTRX433 = /dev/ttyUSB1
[2015-05-01 17:06:09][DEBUG]: MODULE_ENOUSB300 = 0
[2015-05-01 17:06:09][DEBUG]: PORT_ENOUSB300 = /dev/ttyUSB0
[2015-05-01 17:06:09][DEBUG]: MODULE_SOAP = 1
[2015-05-01 17:06:09][DEBUG]: PORT_SOAP = 8888
[2015-05-01 17:06:09][DEBUG]: MODULE_RPIDOM = 0
[2015-05-01 17:06:09][DEBUG]: PORT_RPIDOM = /dev/ttyAMA0
[2015-05-01 17:06:09][DEBUG]: RPIDOM_TELE1_TYPE = 3
[2015-05-01 17:06:09][DEBUG]: RPIDOM_TELE2_TYPE = 0
[2015-05-01 17:06:09][DEBUG]: RPIDOM_1WIRE = 1
[2015-05-01 17:06:09][DEBUG]: MDB_CLOUD = 1
[2015-05-01 17:06:09][DEBUG]: MDB_KEY = 
[2015-05-01 17:06:09][DEBUG]: MDB_ID = 
[2015-05-01 17:06:09][DEBUG]: MDB_X_ISS_Key = aa08f68bbe7740779aab2e34ec236971
[2015-05-01 17:06:09][DEBUG]: MDB_X_OAPI_Key = 28FOP1901d0di3r8indCa2iNTnJoGCr9
[2015-05-01 17:06:09][DEBUG]: MDB_DATASOURCE = a4b3cc24b88642b28706b0e7e6316a89
[2015-05-01 17:06:09][DEBUG]: --------------------------------------------------------

[2015-05-01 17:06:09][DEBUG_SQL]: SELECT dc_id,sch_action FROM scheduler WHERE ((sch_day= 5) OR (sch_day=0)) AND ( CURRENT_TIME <= sch_time) AND (sch_time < TIME(ADDTIME(NOW(),'00:01:00')));
[2015-05-01 17:06:09][DEBUG]: Thermostat: Starting looking for thermostat
[2015-05-01 17:06:09][DEBUG_SQL]: SELECT th_id FROM thermostat
[2015-05-01 17:06:09][DEBUG_SQL]: SELECT recept_id,th_use,th_mode,tp_set,sc_id FROM thermostat WHERE th_id = 0 LIMIT 1;
[2015-05-01 17:06:09][DEBUG]: Thermostat_Calc: Working with th_id=0 ,recept_id = 6 , on/off : off , mode: auto , Manual tp_set= 21.00 °C, Scenario=2
[2015-05-01 17:06:09][DEBUG]: Thermostat 0 is off
[2015-05-01 17:06:09][DEBUG]: [Encode Message] Starting Encoding Thermostat Message for dc_id: 6, tp_consigne: 0.00 , tp_current: 0.00 , demand: no demand
[2015-05-01 17:06:09][DEBUG_SQL]: SELECT packettype,subtype,id1,id2 FROM devices WHERE dc_id=6 LIMIT 1;
[2015-05-01 17:06:09][DEBUG]: [Encode Message] Encoding Message for device: 6, Packettype: 40, subtype: 00, id1: AA, id2: BB 
[2015-05-01 17:06:09][DEBUG]: Message sent: 09 40 00 00 AA BB 00 00 02 09 00 00 82 14 31
[2015-05-01 17:06:09][DEBUG]: Thermostat: Thermostat process terminated
[2015-05-01 17:07:09][INFO]: 
--------- Loading Mydombox Server configuration ---------
[2015-05-01 17:07:09][DEBUG]: LOG_FILE_PATH = log
[2015-05-01 17:07:09][DEBUG]: LOG_LEVEL = DEBUG_SQL
[2015-05-01 17:07:09][DEBUG]: MYSQL = 1
[2015-05-01 17:07:09][DEBUG]: HOSTNAME = localhost
[2015-05-01 17:07:09][DEBUG]: PORT = 3306
[2015-05-01 17:07:09][DEBUG]: LOGIN = mydombox
[2015-05-01 17:07:09][DEBUG]: PASSWORD = mydomboxpwd
[2015-05-01 17:07:09][DEBUG]: DATABASE = mydombox
[2015-05-01 17:07:09][DEBUG]: MODULE_RFXTRX433 = 0
[2015-05-01 17:07:09][DEBUG]: PORT_RFXTRX433 = /dev/ttyUSB1
[2015-05-01 17:07:09][DEBUG]: MODULE_ENOUSB300 = 0
[2015-05-01 17:07:09][DEBUG]: PORT_ENOUSB300 = /dev/ttyUSB0
[2015-05-01 17:07:09][DEBUG]: MODULE_SOAP = 1
[2015-05-01 17:07:09][DEBUG]: PORT_SOAP = 8888
[2015-05-01 17:07:09][DEBUG]: MODULE_RPIDOM = 0
[2015-05-01 17:07:09][DEBUG]: PORT_RPIDOM = /dev/ttyAMA0
[2015-05-01 17:07:09][DEBUG]: RPIDOM_TELE1_TYPE = 3
[2015-05-01 17:07:09][DEBUG]: RPIDOM_TELE2_TYPE = 0
[2015-05-01 17:07:09][DEBUG]: RPIDOM_1WIRE = 1
[2015-05-01 17:07:09][DEBUG]: MDB_CLOUD = 1
[2015-05-01 17:07:09][DEBUG]: MDB_KEY = 
[2015-05-01 17:07:09][DEBUG]: MDB_ID = 
[2015-05-01 17:07:09][DEBUG]: MDB_X_ISS_Key = aa08f68bbe7740779aab2e34ec236971
[2015-05-01 17:07:09][DEBUG]: MDB_X_OAPI_Key = 28FOP1901d0di3r8indCa2iNTnJoGCr9
[2015-05-01 17:07:09][DEBUG]: MDB_DATASOURCE = a4b3cc24b88642b28706b0e7e6316a89
[2015-05-01 17:07:09][DEBUG]: --------------------------------------------------------

[2015-05-01 17:07:09][DEBUG_SQL]: SELECT dc_id,sch_action FROM scheduler WHERE ((sch_day= 5) OR (sch_day=0)) AND ( CURRENT_TIME <= sch_time) AND (sch_time < TIME(ADDTIME(NOW(),'00:01:00')));
[2015-05-01 17:07:09][DEBUG]: Thermostat: Starting looking for thermostat
[2015-05-01 17:07:09][DEBUG_SQL]: SELECT th_id FROM thermostat
[2015-05-01 17:07:09][DEBUG_SQL]: SELECT recept_id,th_use,th_mode,tp_set,sc_id FROM thermostat WHERE th_id = 0 LIMIT 1;
[2015-05-01 17:07:09][DEBUG]: Thermostat_Calc: Working with th_id=0 ,recept_id = 6 , on/off : off , mode: auto , Manual tp_set= 21.00 °C, Scenario=2
[2015-05-01 17:07:09][DEBUG]: Thermostat 0 is off
[2015-05-01 17:07:09][DEBUG]: [Encode Message] Starting Encoding Thermostat Message for dc_id: 6, tp_consigne: 0.00 , tp_current: 0.00 , demand: no demand
[2015-05-01 17:07:09][DEBUG_SQL]: SELECT packettype,subtype,id1,id2 FROM devices WHERE dc_id=6 LIMIT 1;
[2015-05-01 17:07:09][DEBUG]: [Encode Message] Encoding Message for device: 6, Packettype: 40, subtype: 00, id1: AA, id2: BB 
[2015-05-01 17:07:09][DEBUG]: Message sent: 09 40 00 00 AA BB 00 00 02 09 00 00 82 14 31
[2015-05-01 17:07:09][DEBUG]: Thermostat: Thermostat process terminated
[2015-05-01 17:08:09][INFO]: 
--------- Loading Mydombox Server configuration ---------
[2015-05-01 17:08:09][DEBUG]: LOG_FILE_PATH = log
[2015-05-01 17:08:09][DEBUG]: LOG_LEVEL = DEBUG_SQL
[2015-05-01 17:08:09][DEBUG]: MYSQL = 1
[2015-05-01 17:08:09][DEBUG]: HOSTNAME = localhost
[2015-05-01 17:08:09][DEBUG]: PORT = 3306
[2015-05-01 17:08:09][DEBUG]: LOGIN = mydombox
[2015-05-01 17:08:09][DEBUG]: PASSWORD = mydomboxpwd
[2015-05-01 17:08:09][DEBUG]: DATABASE = mydombox
[2015-05-01 17:08:09][DEBUG]: MODULE_RFXTRX433 = 0
[2015-05-01 17:08:09][DEBUG]: PORT_RFXTRX433 = /dev/ttyUSB1
[2015-05-01 17:08:09][DEBUG]: MODULE_ENOUSB300 = 0
[2015-05-01 17:08:09][DEBUG]: PORT_ENOUSB300 = /dev/ttyUSB0
[2015-05-01 17:08:09][DEBUG]: MODULE_SOAP = 1
[2015-05-01 17:08:09][DEBUG]: PORT_SOAP = 8888
[2015-05-01 17:08:09][DEBUG]: MODULE_RPIDOM = 0
[2015-05-01 17:08:09][DEBUG]: PORT_RPIDOM = /dev/ttyAMA0
[2015-05-01 17:08:09][DEBUG]: RPIDOM_TELE1_TYPE = 3
[2015-05-01 17:08:09][DEBUG]: RPIDOM_TELE2_TYPE = 0
[2015-05-01 17:08:09][DEBUG]: RPIDOM_1WIRE = 1
[2015-05-01 17:08:09][DEBUG]: MDB_CLOUD = 1
[2015-05-01 17:08:09][DEBUG]: MDB_KEY = 
[2015-05-01 17:08:09][DEBUG]: MDB_ID = 
[2015-05-01 17:08:09][DEBUG]: MDB_X_ISS_Key = aa08f68bbe7740779aab2e34ec236971
[2015-05-01 17:08:09][DEBUG]: MDB_X_OAPI_Key = 28FOP1901d0di3r8indCa2iNTnJoGCr9
[2015-05-01 17:08:09][DEBUG]: MDB_DATASOURCE = a4b3cc24b88642b28706b0e7e6316a89
[2015-05-01 17:08:09][DEBUG]: --------------------------------------------------------

[2015-05-01 17:08:09][DEBUG_SQL]: SELECT dc_id,sch_action FROM scheduler WHERE ((sch_day= 5) OR (sch_day=0)) AND ( CURRENT_TIME <= sch_time) AND (sch_time < TIME(ADDTIME(NOW(),'00:01:00')));
[2015-05-01 17:08:09][DEBUG]: Thermostat: Starting looking for thermostat
[2015-05-01 17:08:09][DEBUG_SQL]: SELECT th_id FROM thermostat
[2015-05-01 17:08:09][DEBUG_SQL]: SELECT recept_id,th_use,th_mode,tp_set,sc_id FROM thermostat WHERE th_id = 0 LIMIT 1;
[2015-05-01 17:08:09][DEBUG]: Thermostat_Calc: Working with th_id=0 ,recept_id = 6 , on/off : off , mode: auto , Manual tp_set= 21.00 °C, Scenario=2
[2015-05-01 17:08:09][DEBUG]: Thermostat 0 is off
[2015-05-01 17:08:09][DEBUG]: [Encode Message] Starting Encoding Thermostat Message for dc_id: 6, tp_consigne: 0.00 , tp_current: 0.00 , demand: no demand
[2015-05-01 17:08:09][DEBUG_SQL]: SELECT packettype,subtype,id1,id2 FROM devices WHERE dc_id=6 LIMIT 1;
[2015-05-01 17:08:09][DEBUG]: [Encode Message] Encoding Message for device: 6, Packettype: 40, subtype: 00, id1: AA, id2: BB 
[2015-05-01 17:08:09][DEBUG]: Message sent: 09 40 00 00 AA BB 00 00 02 09 00 00 82 14 31
[2015-05-01 17:08:09][DEBUG]: Thermostat: Thermostat process terminated
[2015-05-01 17:09:09][INFO]: 
--------- Loading Mydombox Server configuration ---------
[2015-05-01 17:09:09][DEBUG]: LOG_FILE_PATH = log
[2015-05-01 17:09:09][DEBUG]: LOG_LEVEL = DEBUG_SQL
[2015-05-01 17:09:09][DEBUG]: MYSQL = 1
[2015-05-01 17:09:09][DEBUG]: HOSTNAME = localhost
[2015-05-01 17:09:09][DEBUG]: PORT = 3306
[2015-05-01 17:09:09][DEBUG]: LOGIN = mydombox
[2015-05-01 17:09:09][DEBUG]: PASSWORD = mydomboxpwd
[2015-05-01 17:09:09][DEBUG]: DATABASE = mydombox
[2015-05-01 17:09:09][DEBUG]: MODULE_RFXTRX433 = 0
[2015-05-01 17:09:09][DEBUG]: PORT_RFXTRX433 = /dev/ttyUSB1
[2015-05-01 17:09:09][DEBUG]: MODULE_ENOUSB300 = 0
[2015-05-01 17:09:09][DEBUG]: PORT_ENOUSB300 = /dev/ttyUSB0
[2015-05-01 17:09:09][DEBUG]: MODULE_SOAP = 1
[2015-05-01 17:09:09][DEBUG]: PORT_SOAP = 8888
[2015-05-01 17:09:09][DEBUG]: MODULE_RPIDOM = 0
[2015-05-01 17:09:09][DEBUG]: PORT_RPIDOM = /dev/ttyAMA0
[2015-05-01 17:09:09][DEBUG]: RPIDOM_TELE1_TYPE = 3
[2015-05-01 17:09:09][DEBUG]: RPIDOM_TELE2_TYPE = 0
[2015-05-01 17:09:09][DEBUG]: RPIDOM_1WIRE = 1
[2015-05-01 17:09:09][DEBUG]: MDB_CLOUD = 1
[2015-05-01 17:09:09][DEBUG]: MDB_KEY = 
[2015-05-01 17:09:09][DEBUG]: MDB_ID = 
[2015-05-01 17:09:09][DEBUG]: MDB_X_ISS_Key = aa08f68bbe7740779aab2e34ec236971
[2015-05-01 17:09:09][DEBUG]: MDB_X_OAPI_Key = 28FOP1901d0di3r8indCa2iNTnJoGCr9
[2015-05-01 17:09:09][DEBUG]: MDB_DATASOURCE = a4b3cc24b88642b28706b0e7e6316a89
[2015-05-01 17:09:09][DEBUG]: --------------------------------------------------------

[2015-05-01 17:09:09][DEBUG_SQL]: SELECT dc_id,sch_action FROM scheduler WHERE ((sch_day= 5) OR (sch_day=0)) AND ( CURRENT_TIME <= sch_time) AND (sch_time < TIME(ADDTIME(NOW(),'00:01:00')));
[2015-05-01 17:09:09][DEBUG]: Thermostat: Starting looking for thermostat
[2015-05-01 17:09:09][DEBUG_SQL]: SELECT th_id FROM thermostat
[2015-05-01 17:09:09][DEBUG_SQL]: SELECT recept_id,th_use,th_mode,tp_set,sc_id FROM thermostat WHERE th_id = 0 LIMIT 1;
[2015-05-01 17:09:09][DEBUG]: Thermostat_Calc: Working with th_id=0 ,recept_id = 6 , on/off : off , mode: auto , Manual tp_set= 21.00 °C, Scenario=2
[2015-05-01 17:09:09][DEBUG]: Thermostat 0 is off
[2015-05-01 17:09:09][DEBUG]: [Encode Message] Starting Encoding Thermostat Message for dc_id: 6, tp_consigne: 0.00 , tp_current: 0.00 , demand: no demand
[2015-05-01 17:09:09][DEBUG_SQL]: SELECT packettype,subtype,id1,id2 FROM devices WHERE dc_id=6 LIMIT 1;
[2015-05-01 17:09:09][DEBUG]: [Encode Message] Encoding Message for device: 6, Packettype: 40, subtype: 00, id1: AA, id2: BB 
[2015-05-01 17:09:09][DEBUG]: Message sent: 09 40 00 00 AA BB 00 00 02 09 00 00 82 14 31
[2015-05-01 17:09:09][DEBUG]: Thermostat: Thermostat process terminated
[2015-05-01 17:10:09][INFO]: 
--------- Loading Mydombox Server configuration ---------
[2015-05-01 17:10:09][DEBUG]: LOG_FILE_PATH = log
[2015-05-01 17:10:09][DEBUG]: LOG_LEVEL = DEBUG_SQL
[2015-05-01 17:10:09][DEBUG]: MYSQL = 1
[2015-05-01 17:10:09][DEBUG]: HOSTNAME = localhost
[2015-05-01 17:10:09][DEBUG]: PORT = 3306
[2015-05-01 17:10:09][DEBUG]: LOGIN = mydombox
[2015-05-01 17:10:09][DEBUG]: PASSWORD = mydomboxpwd
[2015-05-01 17:10:09][DEBUG]: DATABASE = mydombox
[2015-05-01 17:10:09][DEBUG]: MODULE_RFXTRX433 = 0
[2015-05-01 17:10:09][DEBUG]: PORT_RFXTRX433 = /dev/ttyUSB1
[2015-05-01 17:10:09][DEBUG]: MODULE_ENOUSB300 = 0
[2015-05-01 17:10:09][DEBUG]: PORT_ENOUSB300 = /dev/ttyUSB0
[2015-05-01 17:10:09][DEBUG]: MODULE_SOAP = 1
[2015-05-01 17:10:09][DEBUG]: PORT_SOAP = 8888
[2015-05-01 17:10:09][DEBUG]: MODULE_RPIDOM = 0
[2015-05-01 17:10:09][DEBUG]: PORT_RPIDOM = /dev/ttyAMA0
[2015-05-01 17:10:09][DEBUG]: RPIDOM_TELE1_TYPE = 3
[2015-05-01 17:10:09][DEBUG]: RPIDOM_TELE2_TYPE = 0
[2015-05-01 17:10:09][DEBUG]: RPIDOM_1WIRE = 1
[2015-05-01 17:10:09][DEBUG]: MDB_CLOUD = 1
[2015-05-01 17:10:09][DEBUG]: MDB_KEY = 
[2015-05-01 17:10:09][DEBUG]: MDB_ID = 
[2015-05-01 17:10:09][DEBUG]: MDB_X_ISS_Key = aa08f68bbe7740779aab2e34ec236971
[2015-05-01 17:10:09][DEBUG]: MDB_X_OAPI_Key = 28FOP1901d0di3r8indCa2iNTnJoGCr9
[2015-05-01 17:10:09][DEBUG]: MDB_DATASOURCE = a4b3cc24b88642b28706b0e7e6316a89
[2015-05-01 17:10:09][DEBUG]: --------------------------------------------------------

[2015-05-01 17:10:09][DEBUG_SQL]: SELECT dc_id,sch_action FROM scheduler WHERE ((sch_day= 5) OR (sch_day=0)) AND ( CURRENT_TIME <= sch_time) AND (sch_time < TIME(ADDTIME(NOW(),'00:01:00')));
[2015-05-01 17:10:09][DEBUG]: Thermostat: Starting looking for thermostat
[2015-05-01 17:10:09][DEBUG_SQL]: SELECT th_id FROM thermostat
[2015-05-01 17:10:09][DEBUG_SQL]: SELECT recept_id,th_use,th_mode,tp_set,sc_id FROM thermostat WHERE th_id = 0 LIMIT 1;
[2015-05-01 17:10:09][DEBUG]: Thermostat_Calc: Working with th_id=0 ,recept_id = 6 , on/off : off , mode: auto , Manual tp_set= 21.00 °C, Scenario=2
[2015-05-01 17:10:09][DEBUG]: Thermostat 0 is off
[2015-05-01 17:10:09][DEBUG]: [Encode Message] Starting Encoding Thermostat Message for dc_id: 6, tp_consigne: 0.00 , tp_current: 0.00 , demand: no demand
[2015-05-01 17:10:09][DEBUG_SQL]: SELECT packettype,subtype,id1,id2 FROM devices WHERE dc_id=6 LIMIT 1;
[2015-05-01 17:10:09][DEBUG]: [Encode Message] Encoding Message for device: 6, Packettype: 40, subtype: 00, id1: AA, id2: BB 
[2015-05-01 17:10:09][DEBUG]: Message sent: 09 40 00 00 AA BB 00 00 02 09 00 00 82 14 31
[2015-05-01 17:10:09][DEBUG]: Thermostat: Thermostat process terminated
[2015-05-01 17:11:09][INFO]: 
--------- Loading Mydombox Server configuration ---------
[2015-05-01 17:11:09][DEBUG]: LOG_FILE_PATH = log
[2015-05-01 17:11:09][DEBUG]: LOG_LEVEL = DEBUG_SQL
[2015-05-01 17:11:09][DEBUG]: MYSQL = 1
[2015-05-01 17:11:09][DEBUG]: HOSTNAME = localhost
[2015-05-01 17:11:09][DEBUG]: PORT = 3306
[2015-05-01 17:11:09][DEBUG]: LOGIN = mydombox
[2015-05-01 17:11:09][DEBUG]: PASSWORD = mydomboxpwd
[2015-05-01 17:11:09][DEBUG]: DATABASE = mydombox
[2015-05-01 17:11:09][DEBUG]: MODULE_RFXTRX433 = 0
[2015-05-01 17:11:09][DEBUG]: PORT_RFXTRX433 = /dev/ttyUSB1
[2015-05-01 17:11:09][DEBUG]: MODULE_ENOUSB300 = 0
[2015-05-01 17:11:09][DEBUG]: PORT_ENOUSB300 = /dev/ttyUSB0
[2015-05-01 17:11:09][DEBUG]: MODULE_SOAP = 1
[2015-05-01 17:11:09][DEBUG]: PORT_SOAP = 8888
[2015-05-01 17:11:09][DEBUG]: MODULE_RPIDOM = 0
[2015-05-01 17:11:09][DEBUG]: PORT_RPIDOM = /dev/ttyAMA0
[2015-05-01 17:11:09][DEBUG]: RPIDOM_TELE1_TYPE = 3
[2015-05-01 17:11:09][DEBUG]: RPIDOM_TELE2_TYPE = 0
[2015-05-01 17:11:09][DEBUG]: RPIDOM_1WIRE = 1
[2015-05-01 17:11:09][DEBUG]: MDB_CLOUD = 1
[2015-05-01 17:11:09][DEBUG]: MDB_KEY = 
[2015-05-01 17:11:09][DEBUG]: MDB_ID = 
[2015-05-01 17:11:09][DEBUG]: MDB_X_ISS_Key = aa08f68bbe7740779aab2e34ec236971
[2015-05-01 17:11:09][DEBUG]: MDB_X_OAPI_Key = 28FOP1901d0di3r8indCa2iNTnJoGCr9
[2015-05-01 17:11:09][DEBUG]: MDB_DATASOURCE = a4b3cc24b88642b28706b0e7e6316a89
[2015-05-01 17:11:09][DEBUG]: --------------------------------------------------------

[2015-05-01 17:11:09][DEBUG_SQL]: SELECT dc_id,sch_action FROM scheduler WHERE ((sch_day= 5) OR (sch_day=0)) AND ( CURRENT_TIME <= sch_time) AND (sch_time < TIME(ADDTIME(NOW(),'00:01:00')));
[2015-05-01 17:11:09][DEBUG]: Thermostat: Starting looking for thermostat
[2015-05-01 17:11:09][DEBUG_SQL]: SELECT th_id FROM thermostat
[2015-05-01 17:11:09][DEBUG_SQL]: SELECT recept_id,th_use,th_mode,tp_set,sc_id FROM thermostat WHERE th_id = 0 LIMIT 1;
[2015-05-01 17:11:09][DEBUG]: Thermostat_Calc: Working with th_id=0 ,recept_id = 6 , on/off : off , mode: auto , Manual tp_set= 21.00 °C, Scenario=2
[2015-05-01 17:11:09][DEBUG]: Thermostat 0 is off
[2015-05-01 17:11:09][DEBUG]: [Encode Message] Starting Encoding Thermostat Message for dc_id: 6, tp_consigne: 0.00 , tp_current: 0.00 , demand: no demand
[2015-05-01 17:11:09][DEBUG_SQL]: SELECT packettype,subtype,id1,id2 FROM devices WHERE dc_id=6 LIMIT 1;
[2015-05-01 17:11:09][DEBUG]: [Encode Message] Encoding Message for device: 6, Packettype: 40, subtype: 00, id1: AA, id2: BB 
[2015-05-01 17:11:09][DEBUG]: Message sent: 09 40 00 00 AA BB 00 00 02 09 00 00 82 14 31
[2015-05-01 17:11:09][DEBUG]: Thermostat: Thermostat process terminated
[2015-05-01 17:12:09][INFO]: 
--------- Loading Mydombox Server configuration ---------
[2015-05-01 17:12:09][DEBUG]: LOG_FILE_PATH = log
[2015-05-01 17:12:09][DEBUG]: LOG_LEVEL = DEBUG_SQL
[2015-05-01 17:12:09][DEBUG]: MYSQL = 1
[2015-05-01 17:12:09][DEBUG]: HOSTNAME = localhost
[2015-05-01 17:12:09][DEBUG]: PORT = 3306
[2015-05-01 17:12:09][DEBUG]: LOGIN = mydombox
[2015-05-01 17:12:09][DEBUG]: PASSWORD = mydomboxpwd
[2015-05-01 17:12:09][DEBUG]: DATABASE = mydombox
[2015-05-01 17:12:09][DEBUG]: MODULE_RFXTRX433 = 0
[2015-05-01 17:12:09][DEBUG]: PORT_RFXTRX433 = /dev/ttyUSB1
[2015-05-01 17:12:09][DEBUG]: MODULE_ENOUSB300 = 0
[2015-05-01 17:12:09][DEBUG]: PORT_ENOUSB300 = /dev/ttyUSB0
[2015-05-01 17:12:09][DEBUG]: MODULE_SOAP = 1
[2015-05-01 17:12:09][DEBUG]: PORT_SOAP = 8888
[2015-05-01 17:12:09][DEBUG]: MODULE_RPIDOM = 0
[2015-05-01 17:12:09][DEBUG]: PORT_RPIDOM = /dev/ttyAMA0
[2015-05-01 17:12:09][DEBUG]: RPIDOM_TELE1_TYPE = 3
[2015-05-01 17:12:09][DEBUG]: RPIDOM_TELE2_TYPE = 0
[2015-05-01 17:12:09][DEBUG]: RPIDOM_1WIRE = 1
[2015-05-01 17:12:09][DEBUG]: MDB_CLOUD = 1
[2015-05-01 17:12:09][DEBUG]: MDB_KEY = 
[2015-05-01 17:12:09][DEBUG]: MDB_ID = 
[2015-05-01 17:12:09][DEBUG]: MDB_X_ISS_Key = aa08f68bbe7740779aab2e34ec236971
[2015-05-01 17:12:09][DEBUG]: MDB_X_OAPI_Key = 28FOP1901d0di3r8indCa2iNTnJoGCr9
[2015-05-01 17:12:09][DEBUG]: MDB_DATASOURCE = a4b3cc24b88642b28706b0e7e6316a89
[2015-05-01 17:12:09][DEBUG]: --------------------------------------------------------

[2015-05-01 17:12:09][DEBUG_SQL]: SELECT dc_id,sch_action FROM scheduler WHERE ((sch_day= 5) OR (sch_day=0)) AND ( CURRENT_TIME <= sch_time) AND (sch_time < TIME(ADDTIME(NOW(),'00:01:00')));
[2015-05-01 17:12:09][DEBUG]: Thermostat: Starting looking for thermostat
[2015-05-01 17:12:09][DEBUG_SQL]: SELECT th_id FROM thermostat
[2015-05-01 17:12:09][DEBUG_SQL]: SELECT recept_id,th_use,th_mode,tp_set,sc_id FROM thermostat WHERE th_id = 0 LIMIT 1;
[2015-05-01 17:12:09][DEBUG]: Thermostat_Calc: Working with th_id=0 ,recept_id = 6 , on/off : off , mode: auto , Manual tp_set= 21.00 °C, Scenario=2
[2015-05-01 17:12:09][DEBUG]: Thermostat 0 is off
[2015-05-01 17:12:09][DEBUG]: [Encode Message] Starting Encoding Thermostat Message for dc_id: 6, tp_consigne: 0.00 , tp_current: 0.00 , demand: no demand
[2015-05-01 17:12:09][DEBUG_SQL]: SELECT packettype,subtype,id1,id2 FROM devices WHERE dc_id=6 LIMIT 1;
[2015-05-01 17:12:09][DEBUG]: [Encode Message] Encoding Message for device: 6, Packettype: 40, subtype: 00, id1: AA, id2: BB 
[2015-05-01 17:12:09][DEBUG]: Message sent: 09 40 00 00 AA BB 00 00 02 09 00 00 82 14 31
[2015-05-01 17:12:09][DEBUG]: Thermostat: Thermostat process terminated
[2015-05-01 17:13:09][INFO]: 
--------- Loading Mydombox Server configuration ---------
[2015-05-01 17:13:09][DEBUG]: LOG_FILE_PATH = log
[2015-05-01 17:13:09][DEBUG]: LOG_LEVEL = DEBUG_SQL
[2015-05-01 17:13:09][DEBUG]: MYSQL = 1
[2015-05-01 17:13:09][DEBUG]: HOSTNAME = localhost
[2015-05-01 17:13:09][DEBUG]: PORT = 3306
[2015-05-01 17:13:09][DEBUG]: LOGIN = mydombox
[2015-05-01 17:13:09][DEBUG]: PASSWORD = mydomboxpwd
[2015-05-01 17:13:09][DEBUG]: DATABASE = mydombox
[2015-05-01 17:13:09][DEBUG]: MODULE_RFXTRX433 = 0
[2015-05-01 17:13:09][DEBUG]: PORT_RFXTRX433 = /dev/ttyUSB1
[2015-05-01 17:13:09][DEBUG]: MODULE_ENOUSB300 = 0
[2015-05-01 17:13:09][DEBUG]: PORT_ENOUSB300 = /dev/ttyUSB0
[2015-05-01 17:13:09][DEBUG]: MODULE_SOAP = 1
[2015-05-01 17:13:09][DEBUG]: PORT_SOAP = 8888
[2015-05-01 17:13:09][DEBUG]: MODULE_RPIDOM = 0
[2015-05-01 17:13:09][DEBUG]: PORT_RPIDOM = /dev/ttyAMA0
[2015-05-01 17:13:09][DEBUG]: RPIDOM_TELE1_TYPE = 3
[2015-05-01 17:13:09][DEBUG]: RPIDOM_TELE2_TYPE = 0
[2015-05-01 17:13:09][DEBUG]: RPIDOM_1WIRE = 1
[2015-05-01 17:13:09][DEBUG]: MDB_CLOUD = 1
[2015-05-01 17:13:09][DEBUG]: MDB_KEY = 
[2015-05-01 17:13:09][DEBUG]: MDB_ID = 
[2015-05-01 17:13:09][DEBUG]: MDB_X_ISS_Key = aa08f68bbe7740779aab2e34ec236971
[2015-05-01 17:13:09][DEBUG]: MDB_X_OAPI_Key = 28FOP1901d0di3r8indCa2iNTnJoGCr9
[2015-05-01 17:13:09][DEBUG]: MDB_DATASOURCE = a4b3cc24b88642b28706b0e7e6316a89
[2015-05-01 17:13:09][DEBUG]: --------------------------------------------------------

[2015-05-01 17:13:09][DEBUG_SQL]: SELECT dc_id,sch_action FROM scheduler WHERE ((sch_day= 5) OR (sch_day=0)) AND ( CURRENT_TIME <= sch_time) AND (sch_time < TIME(ADDTIME(NOW(),'00:01:00')));
[2015-05-01 17:13:09][DEBUG]: Thermostat: Starting looking for thermostat
[2015-05-01 17:13:09][DEBUG_SQL]: SELECT th_id FROM thermostat
[2015-05-01 17:13:09][DEBUG_SQL]: SELECT recept_id,th_use,th_mode,tp_set,sc_id FROM thermostat WHERE th_id = 0 LIMIT 1;
[2015-05-01 17:13:09][DEBUG]: Thermostat_Calc: Working with th_id=0 ,recept_id = 6 , on/off : off , mode: auto , Manual tp_set= 21.00 °C, Scenario=2
[2015-05-01 17:13:09][DEBUG]: Thermostat 0 is off
[2015-05-01 17:13:09][DEBUG]: [Encode Message] Starting Encoding Thermostat Message for dc_id: 6, tp_consigne: 0.00 , tp_current: 0.00 , demand: no demand
[2015-05-01 17:13:09][DEBUG_SQL]: SELECT packettype,subtype,id1,id2 FROM devices WHERE dc_id=6 LIMIT 1;
[2015-05-01 17:13:09][DEBUG]: [Encode Message] Encoding Message for device: 6, Packettype: 40, subtype: 00, id1: AA, id2: BB 
[2015-05-01 17:13:09][DEBUG]: Message sent: 09 40 00 00 AA BB 00 00 02 09 00 00 82 14 31
[2015-05-01 17:13:09][DEBUG]: Thermostat: Thermostat process terminated
[2015-05-01 17:14:09][INFO]: 
--------- Loading Mydombox Server configuration ---------
[2015-05-01 17:14:09][DEBUG]: LOG_FILE_PATH = log
[2015-05-01 17:14:09][DEBUG]: LOG_LEVEL = DEBUG_SQL
[2015-05-01 17:14:09][DEBUG]: MYSQL = 1
[2015-05-01 17:14:09][DEBUG]: HOSTNAME = localhost
[2015-05-01 17:14:09][DEBUG]: PORT = 3306
[2015-05-01 17:14:09][DEBUG]: LOGIN = mydombox
[2015-05-01 17:14:09][DEBUG]: PASSWORD = mydomboxpwd
[2015-05-01 17:14:09][DEBUG]: DATABASE = mydombox
[2015-05-01 17:14:09][DEBUG]: MODULE_RFXTRX433 = 0
[2015-05-01 17:14:09][DEBUG]: PORT_RFXTRX433 = /dev/ttyUSB1
[2015-05-01 17:14:09][DEBUG]: MODULE_ENOUSB300 = 0
[2015-05-01 17:14:09][DEBUG]: PORT_ENOUSB300 = /dev/ttyUSB0
[2015-05-01 17:14:09][DEBUG]: MODULE_SOAP = 1
[2015-05-01 17:14:09][DEBUG]: PORT_SOAP = 8888
[2015-05-01 17:14:09][DEBUG]: MODULE_RPIDOM = 0
[2015-05-01 17:14:09][DEBUG]: PORT_RPIDOM = /dev/ttyAMA0
[2015-05-01 17:14:09][DEBUG]: RPIDOM_TELE1_TYPE = 3
[2015-05-01 17:14:09][DEBUG]: RPIDOM_TELE2_TYPE = 0
[2015-05-01 17:14:09][DEBUG]: RPIDOM_1WIRE = 1
[2015-05-01 17:14:09][DEBUG]: MDB_CLOUD = 1
[2015-05-01 17:14:09][DEBUG]: MDB_KEY = 
[2015-05-01 17:14:09][DEBUG]: MDB_ID = 
[2015-05-01 17:14:09][DEBUG]: MDB_X_ISS_Key = aa08f68bbe7740779aab2e34ec236971
[2015-05-01 17:14:09][DEBUG]: MDB_X_OAPI_Key = 28FOP1901d0di3r8indCa2iNTnJoGCr9
[2015-05-01 17:14:09][DEBUG]: MDB_DATASOURCE = a4b3cc24b88642b28706b0e7e6316a89
[2015-05-01 17:14:09][DEBUG]: --------------------------------------------------------

[2015-05-01 17:14:09][DEBUG_SQL]: SELECT dc_id,sch_action FROM scheduler WHERE ((sch_day= 5) OR (sch_day=0)) AND ( CURRENT_TIME <= sch_time) AND (sch_time < TIME(ADDTIME(NOW(),'00:01:00')));
[2015-05-01 17:14:09][DEBUG]: Thermostat: Starting looking for thermostat
[2015-05-01 17:14:09][DEBUG_SQL]: SELECT th_id FROM thermostat
[2015-05-01 17:14:09][DEBUG_SQL]: SELECT recept_id,th_use,th_mode,tp_set,sc_id FROM thermostat WHERE th_id = 0 LIMIT 1;
[2015-05-01 17:14:09][DEBUG]: Thermostat_Calc: Working with th_id=0 ,recept_id = 6 , on/off : off , mode: auto , Manual tp_set= 21.00 °C, Scenario=2
[2015-05-01 17:14:09][DEBUG]: Thermostat 0 is off
[2015-05-01 17:14:09][DEBUG]: [Encode Message] Starting Encoding Thermostat Message for dc_id: 6, tp_consigne: 0.00 , tp_current: 0.00 , demand: no demand
[2015-05-01 17:14:09][DEBUG_SQL]: SELECT packettype,subtype,id1,id2 FROM devices WHERE dc_id=6 LIMIT 1;
[2015-05-01 17:14:09][DEBUG]: [Encode Message] Encoding Message for device: 6, Packettype: 40, subtype: 00, id1: AA, id2: BB 
[2015-05-01 17:14:09][DEBUG]: Message sent: 09 40 00 00 AA BB 00 00 02 09 00 00 82 14 31
[2015-05-01 17:14:09][DEBUG]: Thermostat: Thermostat process terminated
[2015-05-01 18:30:03][INFO]: 
--------- Loading Mydombox Server configuration ---------
[2015-05-01 18:30:03][DEBUG]: LOG_FILE_PATH = log
[2015-05-01 18:30:03][DEBUG]: LOG_LEVEL = DEBUG_SQL
[2015-05-01 18:30:03][DEBUG]: MYSQL = 1
[2015-05-01 18:30:03][DEBUG]: HOSTNAME = localhost
[2015-05-01 18:30:03][DEBUG]: PORT = 3306
[2015-05-01 18:30:03][DEBUG]: LOGIN = mydombox
[2015-05-01 18:30:03][DEBUG]: PASSWORD = mydomboxpwd
[2015-05-01 18:30:03][DEBUG]: DATABASE = mydombox
[2015-05-01 18:30:03][DEBUG]: MODULE_RFXTRX433 = 0
[2015-05-01 18:30:03][DEBUG]: PORT_RFXTRX433 = /dev/ttyUSB1
[2015-05-01 18:30:03][DEBUG]: MODULE_ENOUSB300 = 0
[2015-05-01 18:30:03][DEBUG]: PORT_ENOUSB300 = /dev/ttyUSB0
[2015-05-01 18:30:03][DEBUG]: MODULE_SOAP = 1
[2015-05-01 18:30:03][DEBUG]: PORT_SOAP = 8888
[2015-05-01 18:30:03][DEBUG]: MODULE_RPIDOM = 0
[2015-05-01 18:30:03][DEBUG]: PORT_RPIDOM = /dev/ttyAMA0
[2015-05-01 18:30:03][DEBUG]: RPIDOM_TELE1_TYPE = 3
[2015-05-01 18:30:03][DEBUG]: RPIDOM_TELE2_TYPE = 0
[2015-05-01 18:30:03][DEBUG]: RPIDOM_1WIRE = 1
[2015-05-01 18:30:03][DEBUG]: MDB_CLOUD = 1
[2015-05-01 18:30:03][DEBUG]: MDB_KEY = 
[2015-05-01 18:30:03][DEBUG]: MDB_ID = 
[2015-05-01 18:30:03][DEBUG]: MDB_X_ISS_Key = aa08f68bbe7740779aab2e34ec236971
[2015-05-01 18:30:03][DEBUG]: MDB_X_OAPI_Key = 28FOP1901d0di3r8indCa2iNTnJoGCr9
[2015-05-01 18:30:03][DEBUG]: MDB_DATASOURCE = a4b3cc24b88642b28706b0e7e6316a89
[2015-05-01 18:30:03][DEBUG]: --------------------------------------------------------

[2015-05-01 18:30:03][DEBUG_SQL]: SELECT dc_id,sch_action FROM scheduler WHERE ((sch_day= 5) OR (sch_day=0)) AND ( CURRENT_TIME <= sch_time) AND (sch_time < TIME(ADDTIME(NOW(),'00:01:00')));
[2015-05-01 18:30:03][DEBUG]: Thermostat: Starting looking for thermostat
[2015-05-01 18:30:03][DEBUG_SQL]: SELECT th_id FROM thermostat
[2015-05-01 18:30:03][DEBUG_SQL]: SELECT recept_id,th_use,th_mode,tp_set,sc_id FROM thermostat WHERE th_id = 0 LIMIT 1;
[2015-05-01 18:30:03][DEBUG]: Thermostat_Calc: Working with th_id=0 ,recept_id = 6 , on/off : off , mode: auto , Manual tp_set= 21.00 °C, Scenario=2
[2015-05-01 18:30:03][DEBUG]: Thermostat 0 is off
[2015-05-01 18:30:03][DEBUG]: [Encode Message] Starting Encoding Thermostat Message for dc_id: 6, tp_consigne: 0.00 , tp_current: 0.00 , demand: no demand
[2015-05-01 18:30:03][DEBUG_SQL]: SELECT packettype,subtype,id1,id2 FROM devices WHERE dc_id=6 LIMIT 1;
[2015-05-01 18:30:03][DEBUG]: [Encode Message] Encoding Message for device: 6, Packettype: 40, subtype: 00, id1: AA, id2: BB 
[2015-05-01 18:30:03][DEBUG]: Message sent: 09 40 00 00 AA BB 00 00 02 09 00 00 82 14 31
[2015-05-01 18:30:03][DEBUG]: Thermostat: Thermostat process terminated
[2015-05-01 19:30:59][INFO]: 
--------- Loading Mydombox Server configuration ---------
[2015-05-01 19:30:59][DEBUG]: LOG_FILE_PATH = log
[2015-05-01 19:30:59][DEBUG]: LOG_LEVEL = DEBUG_SQL
[2015-05-01 19:30:59][DEBUG]: MYSQL = 1
[2015-05-01 19:30:59][DEBUG]: HOSTNAME = localhost
[2015-05-01 19:30:59][DEBUG]: PORT = 3306
[2015-05-01 19:30:59][DEBUG]: LOGIN = mydombox
[2015-05-01 19:30:59][DEBUG]: PASSWORD = mydomboxpwd
[2015-05-01 19:30:59][DEBUG]: DATABASE = mydombox
[2015-05-01 19:30:59][DEBUG]: MODULE_RFXTRX433 = 0
[2015-05-01 19:30:59][DEBUG]: PORT_RFXTRX433 = /dev/ttyUSB1
[2015-05-01 19:30:59][DEBUG]: MODULE_ENOUSB300 = 0
[2015-05-01 19:30:59][DEBUG]: PORT_ENOUSB300 = /dev/ttyUSB0
[2015-05-01 19:30:59][DEBUG]: MODULE_SOAP = 1
[2015-05-01 19:30:59][DEBUG]: PORT_SOAP = 8888
[2015-05-01 19:30:59][DEBUG]: MODULE_RPIDOM = 0
[2015-05-01 19:30:59][DEBUG]: PORT_RPIDOM = /dev/ttyAMA0
[2015-05-01 19:30:59][DEBUG]: RPIDOM_TELE1_TYPE = 3
[2015-05-01 19:30:59][DEBUG]: RPIDOM_TELE2_TYPE = 0
[2015-05-01 19:30:59][DEBUG]: RPIDOM_1WIRE = 1
[2015-05-01 19:30:59][DEBUG]: MDB_CLOUD = 1
[2015-05-01 19:30:59][DEBUG]: MDB_KEY = 
[2015-05-01 19:30:59][DEBUG]: MDB_ID = 
[2015-05-01 19:30:59][DEBUG]: MDB_X_ISS_Key = aa08f68bbe7740779aab2e34ec236971
[2015-05-01 19:30:59][DEBUG]: MDB_X_OAPI_Key = 28FOP1901d0di3r8indCa2iNTnJoGCr9
[2015-05-01 19:30:59][DEBUG]: MDB_DATASOURCE = a4b3cc24b88642b28706b0e7e6316a89
[2015-05-01 19:30:59][DEBUG]: --------------------------------------------------------

[2015-05-01 19:30:59][DEBUG_SQL]: SELECT dc_id,sch_action FROM scheduler WHERE ((sch_day= 5) OR (sch_day=0)) AND ( CURRENT_TIME <= sch_time) AND (sch_time < TIME(ADDTIME(NOW(),'00:01:00')));
[2015-05-01 19:30:59][DEBUG]: Thermostat: Starting looking for thermostat
[2015-05-01 19:30:59][DEBUG_SQL]: SELECT th_id FROM thermostat
[2015-05-01 19:30:59][DEBUG_SQL]: SELECT recept_id,th_use,th_mode,tp_set,sc_id FROM thermostat WHERE th_id = 0 LIMIT 1;
[2015-05-01 19:30:59][DEBUG]: Thermostat_Calc: Working with th_id=0 ,recept_id = 6 , on/off : off , mode: auto , Manual tp_set= 21.00 °C, Scenario=2
[2015-05-01 19:30:59][DEBUG]: Thermostat 0 is off
[2015-05-01 19:30:59][DEBUG]: [Encode Message] Starting Encoding Thermostat Message for dc_id: 6, tp_consigne: 0.00 , tp_current: 0.00 , demand: no demand
[2015-05-01 19:30:59][DEBUG_SQL]: SELECT packettype,subtype,id1,id2 FROM devices WHERE dc_id=6 LIMIT 1;
[2015-05-01 19:30:59][DEBUG]: [Encode Message] Encoding Message for device: 6, Packettype: 40, subtype: 00, id1: AA, id2: BB 
[2015-05-01 19:30:59][DEBUG]: Message sent: 09 40 00 00 AA BB 00 00 02 09 00 00 82 14 31
[2015-05-01 19:30:59][DEBUG]: Thermostat: Thermostat process terminated
[2015-05-01 21:16:54][INFO]: 
--------- Loading Mydombox Server configuration ---------
[2015-05-01 21:16:54][DEBUG]: LOG_FILE_PATH = log
[2015-05-01 21:16:54][DEBUG]: LOG_LEVEL = DEBUG_SQL
[2015-05-01 21:16:54][DEBUG]: MYSQL = 1
[2015-05-01 21:16:54][DEBUG]: HOSTNAME = localhost
[2015-05-01 21:16:54][DEBUG]: PORT = 3306
[2015-05-01 21:16:54][DEBUG]: LOGIN = mydombox
[2015-05-01 21:16:54][DEBUG]: PASSWORD = mydomboxpwd
[2015-05-01 21:16:54][DEBUG]: DATABASE = mydombox
[2015-05-01 21:16:54][DEBUG]: MODULE_RFXTRX433 = 0
[2015-05-01 21:16:54][DEBUG]: PORT_RFXTRX433 = /dev/ttyUSB1
[2015-05-01 21:16:54][DEBUG]: MODULE_ENOUSB300 = 0
[2015-05-01 21:16:54][DEBUG]: PORT_ENOUSB300 = /dev/ttyUSB0
[2015-05-01 21:16:54][DEBUG]: MODULE_SOAP = 1
[2015-05-01 21:16:54][DEBUG]: PORT_SOAP = 8888
[2015-05-01 21:16:54][DEBUG]: MODULE_RPIDOM = 0
[2015-05-01 21:16:54][DEBUG]: PORT_RPIDOM = /dev/ttyAMA0
[2015-05-01 21:16:54][DEBUG]: RPIDOM_TELE1_TYPE = 3
[2015-05-01 21:16:54][DEBUG]: RPIDOM_TELE2_TYPE = 0
[2015-05-01 21:16:54][DEBUG]: RPIDOM_1WIRE = 1
[2015-05-01 21:16:54][DEBUG]: MDB_CLOUD = 1
[2015-05-01 21:16:54][DEBUG]: MDB_KEY = 
[2015-05-01 21:16:54][DEBUG]: MDB_ID = 
[2015-05-01 21:16:54][DEBUG]: MDB_X_ISS_Key = aa08f68bbe7740779aab2e34ec236971
[2015-05-01 21:16:54][DEBUG]: MDB_X_OAPI_Key = 28FOP1901d0di3r8indCa2iNTnJoGCr9
[2015-05-01 21:16:54][DEBUG]: MDB_DATASOURCE = a4b3cc24b88642b28706b0e7e6316a89
[2015-05-01 21:16:54][DEBUG]: --------------------------------------------------------

[2015-05-01 21:16:54][DEBUG_SQL]: SELECT dc_id,sch_action FROM scheduler WHERE ((sch_day= 5) OR (sch_day=0)) AND ( CURRENT_TIME <= sch_time) AND (sch_time < TIME(ADDTIME(NOW(),'00:01:00')));
[2015-05-01 21:16:54][DEBUG]: Thermostat: Starting looking for thermostat
[2015-05-01 21:16:54][DEBUG_SQL]: SELECT th_id FROM thermostat
[2015-05-01 21:16:54][DEBUG_SQL]: SELECT recept_id,th_use,th_mode,tp_set,sc_id FROM thermostat WHERE th_id = 0 LIMIT 1;
[2015-05-01 21:16:54][DEBUG]: Thermostat_Calc: Working with th_id=0 ,recept_id = 6 , on/off : off , mode: auto , Manual tp_set= 21.00 °C, Scenario=2
[2015-05-01 21:16:54][DEBUG]: Thermostat 0 is off
[2015-05-01 21:16:54][DEBUG]: [Encode Message] Starting Encoding Thermostat Message for dc_id: 6, tp_consigne: 0.00 , tp_current: 0.00 , demand: no demand
[2015-05-01 21:16:54][DEBUG_SQL]: SELECT packettype,subtype,id1,id2 FROM devices WHERE dc_id=6 LIMIT 1;
[2015-05-01 21:16:54][DEBUG]: [Encode Message] Encoding Message for device: 6, Packettype: 40, subtype: 00, id1: AA, id2: BB 
[2015-05-01 21:16:54][DEBUG]: Message sent: 09 40 00 00 AA BB 00 00 02 09 00 00 82 14 31
[2015-05-01 21:16:54][DEBUG]: Thermostat: Thermostat process terminated
[2015-05-01 23:05:49][INFO]: 
--------- Loading Mydombox Server configuration ---------
[2015-05-01 23:05:49][DEBUG]: LOG_FILE_PATH = log
[2015-05-01 23:05:49][DEBUG]: LOG_LEVEL = DEBUG_SQL
[2015-05-01 23:05:49][DEBUG]: MYSQL = 1
[2015-05-01 23:05:49][DEBUG]: HOSTNAME = localhost
[2015-05-01 23:05:49][DEBUG]: PORT = 3306
[2015-05-01 23:05:49][DEBUG]: LOGIN = mydombox
[2015-05-01 23:05:49][DEBUG]: PASSWORD = mydomboxpwd
[2015-05-01 23:05:49][DEBUG]: DATABASE = mydombox
[2015-05-01 23:05:49][DEBUG]: MODULE_RFXTRX433 = 0
[2015-05-01 23:05:49][DEBUG]: PORT_RFXTRX433 = /dev/ttyUSB1
[2015-05-01 23:05:49][DEBUG]: MODULE_ENOUSB300 = 0
[2015-05-01 23:05:49][DEBUG]: PORT_ENOUSB300 = /dev/ttyUSB0
[2015-05-01 23:05:49][DEBUG]: MODULE_SOAP = 1
[2015-05-01 23:05:49][DEBUG]: PORT_SOAP = 8888
[2015-05-01 23:05:49][DEBUG]: MODULE_RPIDOM = 0
[2015-05-01 23:05:49][DEBUG]: PORT_RPIDOM = /dev/ttyAMA0
[2015-05-01 23:05:49][DEBUG]: RPIDOM_TELE1_TYPE = 3
[2015-05-01 23:05:49][DEBUG]: RPIDOM_TELE2_TYPE = 0
[2015-05-01 23:05:49][DEBUG]: RPIDOM_1WIRE = 1
[2015-05-01 23:05:49][DEBUG]: MDB_CLOUD = 1
[2015-05-01 23:05:49][DEBUG]: MDB_KEY = 
[2015-05-01 23:05:49][DEBUG]: MDB_ID = 
[2015-05-01 23:05:49][DEBUG]: MDB_X_ISS_Key = aa08f68bbe7740779aab2e34ec236971
[2015-05-01 23:05:49][DEBUG]: MDB_X_OAPI_Key = 28FOP1901d0di3r8indCa2iNTnJoGCr9
[2015-05-01 23:05:49][DEBUG]: MDB_DATASOURCE = a4b3cc24b88642b28706b0e7e6316a89
[2015-05-01 23:05:49][DEBUG]: --------------------------------------------------------

[2015-05-01 23:05:49][DEBUG_SQL]: SELECT dc_id,sch_action FROM scheduler WHERE ((sch_day= 5) OR (sch_day=0)) AND ( CURRENT_TIME <= sch_time) AND (sch_time < TIME(ADDTIME(NOW(),'00:01:00')));
[2015-05-01 23:05:49][DEBUG]: Thermostat: Starting looking for thermostat
[2015-05-01 23:05:49][DEBUG_SQL]: SELECT th_id FROM thermostat
[2015-05-01 23:05:49][DEBUG_SQL]: SELECT recept_id,th_use,th_mode,tp_set,sc_id FROM thermostat WHERE th_id = 0 LIMIT 1;
[2015-05-01 23:05:49][DEBUG]: Thermostat_Calc: Working with th_id=0 ,recept_id = 6 , on/off : off , mode: auto , Manual tp_set= 21.00 °C, Scenario=2
[2015-05-01 23:05:49][DEBUG]: Thermostat 0 is off
[2015-05-01 23:05:49][DEBUG]: [Encode Message] Starting Encoding Thermostat Message for dc_id: 6, tp_consigne: 0.00 , tp_current: 0.00 , demand: no demand
[2015-05-01 23:05:49][DEBUG_SQL]: SELECT packettype,subtype,id1,id2 FROM devices WHERE dc_id=6 LIMIT 1;
[2015-05-01 23:05:49][DEBUG]: [Encode Message] Encoding Message for device: 6, Packettype: 40, subtype: 00, id1: AA, id2: BB 
[2015-05-01 23:05:49][DEBUG]: Message sent: 09 40 00 00 AA BB 00 00 02 09 00 00 82 14 31
[2015-05-01 23:05:49][DEBUG]: Thermostat: Thermostat process terminated
