[2015-04-28 13:07:52][INFO]: 
--------- Loading Mydombox Server configuration ---------
[2015-04-28 13:07:52][DEBUG]: LOG_FILE_PATH = log
[2015-04-28 13:07:52][DEBUG]: LOG_LEVEL = DEBUG_SQL
[2015-04-28 13:07:52][DEBUG]: MYSQL = 1
[2015-04-28 13:07:52][DEBUG]: HOSTNAME = localhost
[2015-04-28 13:07:52][DEBUG]: PORT = 3306
[2015-04-28 13:07:52][DEBUG]: LOGIN = mydombox
[2015-04-28 13:07:52][DEBUG]: PASSWORD = mydomboxpwd
[2015-04-28 13:07:52][DEBUG]: DATABASE = mydombox
[2015-04-28 13:07:52][DEBUG]: MODULE_RFXTRX433 = 1
[2015-04-28 13:07:52][DEBUG]: PORT_RFXTRX433 = /dev/ttyUSB1
[2015-04-28 13:07:52][DEBUG]: MODULE_ENOUSB300 = 1
[2015-04-28 13:07:52][DEBUG]: PORT_ENOUSB300 = /dev/ttyUSB0
[2015-04-28 13:07:52][DEBUG]: MODULE_SOAP = 1
[2015-04-28 13:07:52][DEBUG]: PORT_SOAP = 8888
[2015-04-28 13:07:52][DEBUG]: MODULE_RPIDOM = 0
[2015-04-28 13:07:52][DEBUG]: PORT_RPIDOM = /dev/ttyAMA0
[2015-04-28 13:07:52][DEBUG]: RPIDOM_TELE1_TYPE = 3
[2015-04-28 13:07:52][DEBUG]: RPIDOM_TELE2_TYPE = 0
[2015-04-28 13:07:52][DEBUG]: RPIDOM_1WIRE = 1
[2015-04-28 13:07:52][DEBUG]: MDB_CLOUD = 1
[2015-04-28 13:07:52][DEBUG]: MDB_KEY = 
[2015-04-28 13:07:52][DEBUG]: MDB_ID = 
[2015-04-28 13:07:52][DEBUG]: MDB_X_ISS_Key = aa08f68bbe7740779aab2e34ec236971
[2015-04-28 13:07:52][DEBUG]: MDB_X_OAPI_Key = 28FOP1901d0di3r8indCa2iNTnJoGCr9
[2015-04-28 13:07:52][DEBUG]: MDB_DATASOURCE = a4b3cc24b88642b28706b0e7e6316a89
[2015-04-28 13:07:52][DEBUG]: --------------------------------------------------------

[2015-04-28 13:07:52][INFO]: --------- Starting Mydombox Server ---------
[2015-04-28 13:07:52][INFO]: MySQL client version: 5.6.24
[2015-04-28 13:07:52][INFO]: Loglevel: DEBUG_SQL
[2015-04-28 13:07:52][ERROR]: Error 1045: Access denied for user 'mydombox'@'localhost' (using password: YES)

[2015-04-28 13:07:52][DEBUG_SQL]: SELECT * FROM devices;
[2015-04-28 13:14:26][INFO]: 
--------- Loading Mydombox Server configuration ---------
[2015-04-28 13:14:26][DEBUG]: LOG_FILE_PATH = log
[2015-04-28 13:14:26][DEBUG]: LOG_LEVEL = DEBUG_SQL
[2015-04-28 13:14:26][DEBUG]: MYSQL = 1
[2015-04-28 13:14:26][DEBUG]: HOSTNAME = localhost
[2015-04-28 13:14:26][DEBUG]: PORT = 3306
[2015-04-28 13:14:26][DEBUG]: LOGIN = mydombox
[2015-04-28 13:14:26][DEBUG]: PASSWORD = mydomboxpwd
[2015-04-28 13:14:26][DEBUG]: DATABASE = mydombox
[2015-04-28 13:14:26][DEBUG]: MODULE_RFXTRX433 = 1
[2015-04-28 13:14:26][DEBUG]: PORT_RFXTRX433 = /dev/ttyUSB1
[2015-04-28 13:14:26][DEBUG]: MODULE_ENOUSB300 = 1
[2015-04-28 13:14:26][DEBUG]: PORT_ENOUSB300 = /dev/ttyUSB0
[2015-04-28 13:14:26][DEBUG]: MODULE_SOAP = 1
[2015-04-28 13:14:26][DEBUG]: PORT_SOAP = 8888
[2015-04-28 13:14:26][DEBUG]: MODULE_RPIDOM = 0
[2015-04-28 13:14:26][DEBUG]: PORT_RPIDOM = /dev/ttyAMA0
[2015-04-28 13:14:26][DEBUG]: RPIDOM_TELE1_TYPE = 3
[2015-04-28 13:14:26][DEBUG]: RPIDOM_TELE2_TYPE = 0
[2015-04-28 13:14:26][DEBUG]: RPIDOM_1WIRE = 1
[2015-04-28 13:14:26][DEBUG]: MDB_CLOUD = 1
[2015-04-28 13:14:26][DEBUG]: MDB_KEY = 
[2015-04-28 13:14:26][DEBUG]: MDB_ID = 
[2015-04-28 13:14:26][DEBUG]: MDB_X_ISS_Key = aa08f68bbe7740779aab2e34ec236971
[2015-04-28 13:14:26][DEBUG]: MDB_X_OAPI_Key = 28FOP1901d0di3r8indCa2iNTnJoGCr9
[2015-04-28 13:14:26][DEBUG]: MDB_DATASOURCE = a4b3cc24b88642b28706b0e7e6316a89
[2015-04-28 13:14:26][DEBUG]: --------------------------------------------------------

[2015-04-28 13:14:26][INFO]: --------- Starting Mydombox Server ---------
[2015-04-28 13:14:26][INFO]: MySQL client version: 5.6.24
[2015-04-28 13:14:26][INFO]: Loglevel: DEBUG_SQL
[2015-04-28 13:14:26][ERROR]: Error 1045: Access denied for user 'mydombox'@'localhost' (using password: YES)

[2015-04-28 14:41:29][INFO]: 
--------- Loading Mydombox Server configuration ---------
[2015-04-28 14:41:29][DEBUG]: LOG_FILE_PATH = log
[2015-04-28 14:41:29][DEBUG]: LOG_LEVEL = DEBUG_SQL
[2015-04-28 14:41:29][DEBUG]: MYSQL = 1
[2015-04-28 14:41:29][DEBUG]: HOSTNAME = localhost
[2015-04-28 14:41:29][DEBUG]: PORT = 3306
[2015-04-28 14:41:29][DEBUG]: LOGIN = mydombox
[2015-04-28 14:41:29][DEBUG]: PASSWORD = mydomboxpwd
[2015-04-28 14:41:29][DEBUG]: DATABASE = mydombox
[2015-04-28 14:41:29][DEBUG]: MODULE_RFXTRX433 = 1
[2015-04-28 14:41:29][DEBUG]: PORT_RFXTRX433 = /dev/ttyUSB1
[2015-04-28 14:41:29][DEBUG]: MODULE_ENOUSB300 = 1
[2015-04-28 14:41:29][DEBUG]: PORT_ENOUSB300 = /dev/ttyUSB0
[2015-04-28 14:41:29][DEBUG]: MODULE_SOAP = 1
[2015-04-28 14:41:29][DEBUG]: PORT_SOAP = 8888
[2015-04-28 14:41:29][DEBUG]: MODULE_RPIDOM = 0
[2015-04-28 14:41:29][DEBUG]: PORT_RPIDOM = /dev/ttyAMA0
[2015-04-28 14:41:29][DEBUG]: RPIDOM_TELE1_TYPE = 3
[2015-04-28 14:41:29][DEBUG]: RPIDOM_TELE2_TYPE = 0
[2015-04-28 14:41:29][DEBUG]: RPIDOM_1WIRE = 1
[2015-04-28 14:41:29][DEBUG]: MDB_CLOUD = 1
[2015-04-28 14:41:29][DEBUG]: MDB_KEY = 
[2015-04-28 14:41:29][DEBUG]: MDB_ID = 
[2015-04-28 14:41:29][DEBUG]: MDB_X_ISS_Key = aa08f68bbe7740779aab2e34ec236971
[2015-04-28 14:41:29][DEBUG]: MDB_X_OAPI_Key = 28FOP1901d0di3r8indCa2iNTnJoGCr9
[2015-04-28 14:41:29][DEBUG]: MDB_DATASOURCE = a4b3cc24b88642b28706b0e7e6316a89
[2015-04-28 14:41:29][DEBUG]: --------------------------------------------------------

[2015-04-28 14:41:29][INFO]: --------- Starting Mydombox Server ---------
[2015-04-28 14:41:29][INFO]: MySQL client version: 5.6.24
[2015-04-28 14:41:29][INFO]: Loglevel: DEBUG_SQL
[2015-04-28 14:41:29][DEBUG_SQL]: SELECT * FROM devices;
[2015-04-28 14:41:29][INFO]: Module RFXTRX433 Started
[2015-04-28 14:41:29][INFO]: [rfxtrx433] Starting Rfxtrx433 Module
[2015-04-28 14:41:29][INFO]: [rfxtrx433] Starting Listening on /dev/ttyUSB1
[2015-04-28 14:41:29][ERROR]: [rfxtrx433] open_port: Unable to open Serial Port
[2015-04-28 14:42:41][INFO]: 
--------- Loading Mydombox Server configuration ---------
[2015-04-28 14:42:41][DEBUG]: LOG_FILE_PATH = log
[2015-04-28 14:42:41][DEBUG]: LOG_LEVEL = DEBUG_SQL
[2015-04-28 14:42:41][DEBUG]: MYSQL = 1
[2015-04-28 14:42:41][DEBUG]: HOSTNAME = localhost
[2015-04-28 14:42:41][DEBUG]: PORT = 3306
[2015-04-28 14:42:41][DEBUG]: LOGIN = mydombox
[2015-04-28 14:42:41][DEBUG]: PASSWORD = mydomboxpwd
[2015-04-28 14:42:41][DEBUG]: DATABASE = mydombox
[2015-04-28 14:42:41][DEBUG]: MODULE_RFXTRX433 = 0
[2015-04-28 14:42:41][DEBUG]: PORT_RFXTRX433 = /dev/ttyUSB1
[2015-04-28 14:42:41][DEBUG]: MODULE_ENOUSB300 = 0
[2015-04-28 14:42:41][DEBUG]: PORT_ENOUSB300 = /dev/ttyUSB0
[2015-04-28 14:42:41][DEBUG]: MODULE_SOAP = 1
[2015-04-28 14:42:41][DEBUG]: PORT_SOAP = 8888
[2015-04-28 14:42:41][DEBUG]: MODULE_RPIDOM = 0
[2015-04-28 14:42:41][DEBUG]: PORT_RPIDOM = /dev/ttyAMA0
[2015-04-28 14:42:41][DEBUG]: RPIDOM_TELE1_TYPE = 3
[2015-04-28 14:42:41][DEBUG]: RPIDOM_TELE2_TYPE = 0
[2015-04-28 14:42:41][DEBUG]: RPIDOM_1WIRE = 1
[2015-04-28 14:42:41][DEBUG]: MDB_CLOUD = 1
[2015-04-28 14:42:41][DEBUG]: MDB_KEY = 
[2015-04-28 14:42:41][DEBUG]: MDB_ID = 
[2015-04-28 14:42:41][DEBUG]: MDB_X_ISS_Key = aa08f68bbe7740779aab2e34ec236971
[2015-04-28 14:42:41][DEBUG]: MDB_X_OAPI_Key = 28FOP1901d0di3r8indCa2iNTnJoGCr9
[2015-04-28 14:42:41][DEBUG]: MDB_DATASOURCE = a4b3cc24b88642b28706b0e7e6316a89
[2015-04-28 14:42:41][DEBUG]: --------------------------------------------------------

[2015-04-28 14:42:41][INFO]: --------- Starting Mydombox Server ---------
[2015-04-28 14:42:41][INFO]: MySQL client version: 5.6.24
[2015-04-28 14:42:41][INFO]: Loglevel: DEBUG_SQL
[2015-04-28 14:42:41][DEBUG_SQL]: SELECT * FROM devices;
[2015-04-28 14:42:56][INFO]: Module SOAP Started
[2015-04-28 14:42:56][INFO]: Socket connection successful
[2015-04-28 14:43:01][INFO]: 
--------- Loading Mydombox Server configuration ---------
[2015-04-28 14:43:01][DEBUG]: LOG_FILE_PATH = log
[2015-04-28 14:43:01][DEBUG]: LOG_LEVEL = DEBUG_SQL
[2015-04-28 14:43:01][DEBUG]: MYSQL = 1
[2015-04-28 14:43:01][DEBUG]: HOSTNAME = localhost
[2015-04-28 14:43:01][DEBUG]: PORT = 3306
[2015-04-28 14:43:01][DEBUG]: LOGIN = mydombox
[2015-04-28 14:43:01][DEBUG]: PASSWORD = mydomboxpwd
[2015-04-28 14:43:01][DEBUG]: DATABASE = mydombox
[2015-04-28 14:43:01][DEBUG]: MODULE_RFXTRX433 = 0
[2015-04-28 14:43:01][DEBUG]: PORT_RFXTRX433 = /dev/ttyUSB1
[2015-04-28 14:43:01][DEBUG]: MODULE_ENOUSB300 = 0
[2015-04-28 14:43:01][DEBUG]: PORT_ENOUSB300 = /dev/ttyUSB0
[2015-04-28 14:43:01][DEBUG]: MODULE_SOAP = 1
[2015-04-28 14:43:01][DEBUG]: PORT_SOAP = 8888
[2015-04-28 14:43:01][DEBUG]: MODULE_RPIDOM = 0
[2015-04-28 14:43:01][DEBUG]: PORT_RPIDOM = /dev/ttyAMA0
[2015-04-28 14:43:01][DEBUG]: RPIDOM_TELE1_TYPE = 3
[2015-04-28 14:43:01][DEBUG]: RPIDOM_TELE2_TYPE = 0
[2015-04-28 14:43:01][DEBUG]: RPIDOM_1WIRE = 1
[2015-04-28 14:43:01][DEBUG]: MDB_CLOUD = 1
[2015-04-28 14:43:01][DEBUG]: MDB_KEY = 
[2015-04-28 14:43:01][DEBUG]: MDB_ID = 
[2015-04-28 14:43:01][DEBUG]: MDB_X_ISS_Key = aa08f68bbe7740779aab2e34ec236971
[2015-04-28 14:43:01][DEBUG]: MDB_X_OAPI_Key = 28FOP1901d0di3r8indCa2iNTnJoGCr9
[2015-04-28 14:43:01][DEBUG]: MDB_DATASOURCE = a4b3cc24b88642b28706b0e7e6316a89
[2015-04-28 14:43:01][DEBUG]: --------------------------------------------------------

[2015-04-28 14:43:01][DEBUG_SQL]: SELECT dc_id,sch_action FROM scheduler WHERE ((sch_day= 2) OR (sch_day=0)) AND ( CURRENT_TIME <= sch_time) AND (sch_time < TIME(ADDTIME(NOW(),'00:01:00')));
[2015-04-28 14:43:01][DEBUG]: Thermostat: Starting looking for thermostat
[2015-04-28 14:43:01][DEBUG_SQL]: SELECT th_id FROM thermostat
[2015-04-28 14:43:01][DEBUG_SQL]: SELECT recept_id,th_use,th_mode,tp_set,sc_id FROM thermostat WHERE th_id = 0 LIMIT 1;
[2015-04-28 14:43:01][DEBUG]: Thermostat_Calc: Working with th_id=0 ,recept_id = 6 , on/off : on , mode: auto , Manual tp_set= 21.00 °C, Scenario=2
[2015-04-28 14:43:01][DEBUG]: Thermostat_Calc: Thermostat 0 is on in auto mode
[2015-04-28 14:43:01][DEBUG]: Scenario : day number in the week : 2
[2015-04-28 14:43:01][DEBUG_SQL]: SELECT tp_prog FROM scenario WHERE sc_id = 2 AND ((sc_day= 2) OR (sc_day=0)) AND (sc_periode_start < CURRENT_TIME) AND ( CURRENT_TIME < sc_periode_stop) LIMIT 1;
[2015-04-28 14:43:01][DEBUG_SQL]: SELECT devices.packettype,  devices.subtype FROM devices , thermostat  WHERE thermostat.sensor_id = devices.dc_id AND th_id = 0 LIMIT 1;
[2015-04-28 14:43:01][DEBUG]: Thermostat:last_tp function: Thermostat Sensor type: 1B
[2015-04-28 14:43:01][DEBUG_SQL]: SELECT last_update, home_data1 from devices INNER JOIN thermostat ON devices.dc_id = thermostat.sensor_id WHERE th_id = 0 LIMIT 1;
[2015-04-28 14:44:24][INFO]: 
--------- Loading Mydombox Server configuration ---------
[2015-04-28 14:44:24][DEBUG]: LOG_FILE_PATH = log
[2015-04-28 14:44:24][DEBUG]: LOG_LEVEL = DEBUG_SQL
[2015-04-28 14:44:24][DEBUG]: MYSQL = 1
[2015-04-28 14:44:24][DEBUG]: HOSTNAME = localhost
[2015-04-28 14:44:24][DEBUG]: PORT = 3306
[2015-04-28 14:44:24][DEBUG]: LOGIN = mydombox
[2015-04-28 14:44:24][DEBUG]: PASSWORD = mydomboxpwd
[2015-04-28 14:44:24][DEBUG]: DATABASE = mydombox
[2015-04-28 14:44:24][DEBUG]: MODULE_RFXTRX433 = 0
[2015-04-28 14:44:24][DEBUG]: PORT_RFXTRX433 = /dev/ttyUSB1
[2015-04-28 14:44:24][DEBUG]: MODULE_ENOUSB300 = 0
[2015-04-28 14:44:24][DEBUG]: PORT_ENOUSB300 = /dev/ttyUSB0
[2015-04-28 14:44:24][DEBUG]: MODULE_SOAP = 1
[2015-04-28 14:44:24][DEBUG]: PORT_SOAP = 8888
[2015-04-28 14:44:24][DEBUG]: MODULE_RPIDOM = 0
[2015-04-28 14:44:24][DEBUG]: PORT_RPIDOM = /dev/ttyAMA0
[2015-04-28 14:44:24][DEBUG]: RPIDOM_TELE1_TYPE = 3
[2015-04-28 14:44:24][DEBUG]: RPIDOM_TELE2_TYPE = 0
[2015-04-28 14:44:24][DEBUG]: RPIDOM_1WIRE = 1
[2015-04-28 14:44:24][DEBUG]: MDB_CLOUD = 1
[2015-04-28 14:44:24][DEBUG]: MDB_KEY = 
[2015-04-28 14:44:24][DEBUG]: MDB_ID = 
[2015-04-28 14:44:24][DEBUG]: MDB_X_ISS_Key = aa08f68bbe7740779aab2e34ec236971
[2015-04-28 14:44:24][DEBUG]: MDB_X_OAPI_Key = 28FOP1901d0di3r8indCa2iNTnJoGCr9
[2015-04-28 14:44:24][DEBUG]: MDB_DATASOURCE = a4b3cc24b88642b28706b0e7e6316a89
[2015-04-28 14:44:24][DEBUG]: --------------------------------------------------------

[2015-04-28 14:44:24][INFO]: --------- Starting Mydombox Server ---------
[2015-04-28 14:44:24][INFO]: MySQL client version: 5.6.24
[2015-04-28 14:44:24][INFO]: Loglevel: DEBUG_SQL
[2015-04-28 14:44:24][DEBUG_SQL]: SELECT * FROM devices;
[2015-04-28 14:44:39][INFO]: Module SOAP Started
[2015-04-28 14:44:39][INFO]: Socket connection successful
[2015-04-28 14:44:44][INFO]: 
--------- Loading Mydombox Server configuration ---------
[2015-04-28 14:44:44][DEBUG]: LOG_FILE_PATH = log
[2015-04-28 14:44:44][DEBUG]: LOG_LEVEL = DEBUG_SQL
[2015-04-28 14:44:44][DEBUG]: MYSQL = 1
[2015-04-28 14:44:44][DEBUG]: HOSTNAME = localhost
[2015-04-28 14:44:44][DEBUG]: PORT = 3306
[2015-04-28 14:44:44][DEBUG]: LOGIN = mydombox
[2015-04-28 14:44:44][DEBUG]: PASSWORD = mydomboxpwd
[2015-04-28 14:44:44][DEBUG]: DATABASE = mydombox
[2015-04-28 14:44:44][DEBUG]: MODULE_RFXTRX433 = 0
[2015-04-28 14:44:44][DEBUG]: PORT_RFXTRX433 = /dev/ttyUSB1
[2015-04-28 14:44:44][DEBUG]: MODULE_ENOUSB300 = 0
[2015-04-28 14:44:44][DEBUG]: PORT_ENOUSB300 = /dev/ttyUSB0
[2015-04-28 14:44:44][DEBUG]: MODULE_SOAP = 1
[2015-04-28 14:44:44][DEBUG]: PORT_SOAP = 8888
[2015-04-28 14:44:44][DEBUG]: MODULE_RPIDOM = 0
[2015-04-28 14:44:44][DEBUG]: PORT_RPIDOM = /dev/ttyAMA0
[2015-04-28 14:44:44][DEBUG]: RPIDOM_TELE1_TYPE = 3
[2015-04-28 14:44:44][DEBUG]: RPIDOM_TELE2_TYPE = 0
[2015-04-28 14:44:44][DEBUG]: RPIDOM_1WIRE = 1
[2015-04-28 14:44:44][DEBUG]: MDB_CLOUD = 1
[2015-04-28 14:44:44][DEBUG]: MDB_KEY = 
[2015-04-28 14:44:44][DEBUG]: MDB_ID = 
[2015-04-28 14:44:44][DEBUG]: MDB_X_ISS_Key = aa08f68bbe7740779aab2e34ec236971
[2015-04-28 14:44:44][DEBUG]: MDB_X_OAPI_Key = 28FOP1901d0di3r8indCa2iNTnJoGCr9
[2015-04-28 14:44:44][DEBUG]: MDB_DATASOURCE = a4b3cc24b88642b28706b0e7e6316a89
[2015-04-28 14:44:44][DEBUG]: --------------------------------------------------------

[2015-04-28 14:44:44][DEBUG_SQL]: SELECT dc_id,sch_action FROM scheduler WHERE ((sch_day= 2) OR (sch_day=0)) AND ( CURRENT_TIME <= sch_time) AND (sch_time < TIME(ADDTIME(NOW(),'00:01:00')));
[2015-04-28 14:44:44][DEBUG]: Thermostat: Starting looking for thermostat
[2015-04-28 14:44:44][DEBUG_SQL]: SELECT th_id FROM thermostat
[2015-04-28 14:44:44][DEBUG_SQL]: SELECT recept_id,th_use,th_mode,tp_set,sc_id FROM thermostat WHERE th_id = 0 LIMIT 1;
[2015-04-28 14:44:44][DEBUG]: Thermostat_Calc: Working with th_id=0 ,recept_id = 6 , on/off : on , mode: auto , Manual tp_set= 21.00 °C, Scenario=2
[2015-04-28 14:44:44][DEBUG]: Thermostat_Calc: Thermostat 0 is on in auto mode
[2015-04-28 14:44:44][DEBUG]: Scenario : day number in the week : 2
[2015-04-28 14:44:44][DEBUG_SQL]: SELECT tp_prog FROM scenario WHERE sc_id = 2 AND ((sc_day= 2) OR (sc_day=0)) AND (sc_periode_start < CURRENT_TIME) AND ( CURRENT_TIME < sc_periode_stop) LIMIT 1;
[2015-04-28 14:44:44][DEBUG_SQL]: SELECT devices.packettype,  devices.subtype FROM devices , thermostat  WHERE thermostat.sensor_id = devices.dc_id AND th_id = 0 LIMIT 1;
[2015-04-28 14:44:44][DEBUG]: Thermostat:last_tp function: Thermostat Sensor type: 1B
[2015-04-28 14:44:44][DEBUG_SQL]: SELECT last_update, home_data1 from devices INNER JOIN thermostat ON devices.dc_id = thermostat.sensor_id WHERE th_id = 0 LIMIT 1;
[2015-04-28 14:47:13][INFO]: 
--------- Loading Mydombox Server configuration ---------
[2015-04-28 14:47:13][DEBUG]: LOG_FILE_PATH = log
[2015-04-28 14:47:13][DEBUG]: LOG_LEVEL = DEBUG_SQL
[2015-04-28 14:47:13][DEBUG]: MYSQL = 1
[2015-04-28 14:47:13][DEBUG]: HOSTNAME = localhost
[2015-04-28 14:47:13][DEBUG]: PORT = 3306
[2015-04-28 14:47:13][DEBUG]: LOGIN = mydombox
[2015-04-28 14:47:13][DEBUG]: PASSWORD = mydomboxpwd
[2015-04-28 14:47:13][DEBUG]: DATABASE = mydombox
[2015-04-28 14:47:13][DEBUG]: MODULE_RFXTRX433 = 0
[2015-04-28 14:47:13][DEBUG]: PORT_RFXTRX433 = /dev/ttyUSB1
[2015-04-28 14:47:13][DEBUG]: MODULE_ENOUSB300 = 0
[2015-04-28 14:47:13][DEBUG]: PORT_ENOUSB300 = /dev/ttyUSB0
[2015-04-28 14:47:13][DEBUG]: MODULE_SOAP = 1
[2015-04-28 14:47:13][DEBUG]: PORT_SOAP = 8888
[2015-04-28 14:47:13][DEBUG]: MODULE_RPIDOM = 0
[2015-04-28 14:47:13][DEBUG]: PORT_RPIDOM = /dev/ttyAMA0
[2015-04-28 14:47:13][DEBUG]: RPIDOM_TELE1_TYPE = 3
[2015-04-28 14:47:13][DEBUG]: RPIDOM_TELE2_TYPE = 0
[2015-04-28 14:47:13][DEBUG]: RPIDOM_1WIRE = 1
[2015-04-28 14:47:13][DEBUG]: MDB_CLOUD = 1
[2015-04-28 14:47:13][DEBUG]: MDB_KEY = 
[2015-04-28 14:47:13][DEBUG]: MDB_ID = 
[2015-04-28 14:47:13][DEBUG]: MDB_X_ISS_Key = aa08f68bbe7740779aab2e34ec236971
[2015-04-28 14:47:13][DEBUG]: MDB_X_OAPI_Key = 28FOP1901d0di3r8indCa2iNTnJoGCr9
[2015-04-28 14:47:13][DEBUG]: MDB_DATASOURCE = a4b3cc24b88642b28706b0e7e6316a89
[2015-04-28 14:47:13][DEBUG]: --------------------------------------------------------

[2015-04-28 14:47:13][INFO]: --------- Starting Mydombox Server ---------
[2015-04-28 14:47:13][INFO]: MySQL client version: 5.6.24
[2015-04-28 14:47:13][INFO]: Loglevel: DEBUG_SQL
[2015-04-28 14:47:13][DEBUG_SQL]: SELECT * FROM devices;
[2015-04-28 14:47:28][INFO]: Module SOAP Started
[2015-04-28 14:47:28][INFO]: Socket connection successful
[2015-04-28 14:47:33][INFO]: 
--------- Loading Mydombox Server configuration ---------
[2015-04-28 14:47:33][DEBUG]: LOG_FILE_PATH = log
[2015-04-28 14:47:33][DEBUG]: LOG_LEVEL = DEBUG_SQL
[2015-04-28 14:47:33][DEBUG]: MYSQL = 1
[2015-04-28 14:47:33][DEBUG]: HOSTNAME = localhost
[2015-04-28 14:47:33][DEBUG]: PORT = 3306
[2015-04-28 14:47:33][DEBUG]: LOGIN = mydombox
[2015-04-28 14:47:33][DEBUG]: PASSWORD = mydomboxpwd
[2015-04-28 14:47:33][DEBUG]: DATABASE = mydombox
[2015-04-28 14:47:33][DEBUG]: MODULE_RFXTRX433 = 0
[2015-04-28 14:47:33][DEBUG]: PORT_RFXTRX433 = /dev/ttyUSB1
[2015-04-28 14:47:33][DEBUG]: MODULE_ENOUSB300 = 0
[2015-04-28 14:47:33][DEBUG]: PORT_ENOUSB300 = /dev/ttyUSB0
[2015-04-28 14:47:33][DEBUG]: MODULE_SOAP = 1
[2015-04-28 14:47:33][DEBUG]: PORT_SOAP = 8888
[2015-04-28 14:47:33][DEBUG]: MODULE_RPIDOM = 0
[2015-04-28 14:47:33][DEBUG]: PORT_RPIDOM = /dev/ttyAMA0
[2015-04-28 14:47:33][DEBUG]: RPIDOM_TELE1_TYPE = 3
[2015-04-28 14:47:33][DEBUG]: RPIDOM_TELE2_TYPE = 0
[2015-04-28 14:47:33][DEBUG]: RPIDOM_1WIRE = 1
[2015-04-28 14:47:33][DEBUG]: MDB_CLOUD = 1
[2015-04-28 14:47:33][DEBUG]: MDB_KEY = 
[2015-04-28 14:47:33][DEBUG]: MDB_ID = 
[2015-04-28 14:47:33][DEBUG]: MDB_X_ISS_Key = aa08f68bbe7740779aab2e34ec236971
[2015-04-28 14:47:33][DEBUG]: MDB_X_OAPI_Key = 28FOP1901d0di3r8indCa2iNTnJoGCr9
[2015-04-28 14:47:33][DEBUG]: MDB_DATASOURCE = a4b3cc24b88642b28706b0e7e6316a89
[2015-04-28 14:47:33][DEBUG]: --------------------------------------------------------

[2015-04-28 14:47:33][DEBUG_SQL]: SELECT dc_id,sch_action FROM scheduler WHERE ((sch_day= 2) OR (sch_day=0)) AND ( CURRENT_TIME <= sch_time) AND (sch_time < TIME(ADDTIME(NOW(),'00:01:00')));
[2015-04-28 14:47:33][DEBUG]: Thermostat: Starting looking for thermostat
[2015-04-28 14:47:33][DEBUG_SQL]: SELECT th_id FROM thermostat
[2015-04-28 14:47:33][DEBUG_SQL]: SELECT recept_id,th_use,th_mode,tp_set,sc_id FROM thermostat WHERE th_id = 0 LIMIT 1;
[2015-04-28 14:47:33][DEBUG]: Thermostat_Calc: Working with th_id=0 ,recept_id = 6 , on/off : off , mode: auto , Manual tp_set= 21.00 °C, Scenario=2
[2015-04-28 14:47:33][DEBUG]: Thermostat 0 is off
[2015-04-28 14:47:33][DEBUG]: [Encode Message] Starting Encoding Thermostat Message for dc_id: 6, tp_consigne: 0.00 , tp_current: 0.00 , demand: no demand
[2015-04-28 14:47:33][DEBUG_SQL]: SELECT packettype,subtype,id1,id2 FROM devices WHERE dc_id=6 LIMIT 1;
[2015-04-28 14:47:33][DEBUG]: [Encode Message] Encoding Message for device: 6, Packettype: 40, subtype: 00, id1: AA, id2: BB 
[2015-04-28 14:47:33][DEBUG]: Message sent: 09 40 00 00 AA BB 00 00 02 09 00 00 B1 43 12
[2015-04-28 14:47:33][DEBUG]: Thermostat: Thermostat process terminated
[2015-04-28 14:48:33][INFO]: 
--------- Loading Mydombox Server configuration ---------
[2015-04-28 14:48:33][DEBUG]: LOG_FILE_PATH = log
[2015-04-28 14:48:33][DEBUG]: LOG_LEVEL = DEBUG_SQL
[2015-04-28 14:48:33][DEBUG]: MYSQL = 1
[2015-04-28 14:48:33][DEBUG]: HOSTNAME = localhost
[2015-04-28 14:48:33][DEBUG]: PORT = 3306
[2015-04-28 14:48:33][DEBUG]: LOGIN = mydombox
[2015-04-28 14:48:33][DEBUG]: PASSWORD = mydomboxpwd
[2015-04-28 14:48:33][DEBUG]: DATABASE = mydombox
[2015-04-28 14:48:33][DEBUG]: MODULE_RFXTRX433 = 0
[2015-04-28 14:48:33][DEBUG]: PORT_RFXTRX433 = /dev/ttyUSB1
[2015-04-28 14:48:33][DEBUG]: MODULE_ENOUSB300 = 0
[2015-04-28 14:48:33][DEBUG]: PORT_ENOUSB300 = /dev/ttyUSB0
[2015-04-28 14:48:33][DEBUG]: MODULE_SOAP = 1
[2015-04-28 14:48:33][DEBUG]: PORT_SOAP = 8888
[2015-04-28 14:48:33][DEBUG]: MODULE_RPIDOM = 0
[2015-04-28 14:48:33][DEBUG]: PORT_RPIDOM = /dev/ttyAMA0
[2015-04-28 14:48:33][DEBUG]: RPIDOM_TELE1_TYPE = 3
[2015-04-28 14:48:33][DEBUG]: RPIDOM_TELE2_TYPE = 0
[2015-04-28 14:48:33][DEBUG]: RPIDOM_1WIRE = 1
[2015-04-28 14:48:33][DEBUG]: MDB_CLOUD = 1
[2015-04-28 14:48:33][DEBUG]: MDB_KEY = 
[2015-04-28 14:48:33][DEBUG]: MDB_ID = 
[2015-04-28 14:48:33][DEBUG]: MDB_X_ISS_Key = aa08f68bbe7740779aab2e34ec236971
[2015-04-28 14:48:33][DEBUG]: MDB_X_OAPI_Key = 28FOP1901d0di3r8indCa2iNTnJoGCr9
[2015-04-28 14:48:33][DEBUG]: MDB_DATASOURCE = a4b3cc24b88642b28706b0e7e6316a89
[2015-04-28 14:48:33][DEBUG]: --------------------------------------------------------

[2015-04-28 14:48:33][DEBUG_SQL]: SELECT dc_id,sch_action FROM scheduler WHERE ((sch_day= 2) OR (sch_day=0)) AND ( CURRENT_TIME <= sch_time) AND (sch_time < TIME(ADDTIME(NOW(),'00:01:00')));
[2015-04-28 14:48:33][DEBUG]: Thermostat: Starting looking for thermostat
[2015-04-28 14:48:33][DEBUG_SQL]: SELECT th_id FROM thermostat
[2015-04-28 14:48:33][DEBUG_SQL]: SELECT recept_id,th_use,th_mode,tp_set,sc_id FROM thermostat WHERE th_id = 0 LIMIT 1;
[2015-04-28 14:48:33][DEBUG]: Thermostat_Calc: Working with th_id=0 ,recept_id = 6 , on/off : off , mode: auto , Manual tp_set= 21.00 °C, Scenario=2
[2015-04-28 14:48:33][DEBUG]: Thermostat 0 is off
[2015-04-28 14:48:33][DEBUG]: [Encode Message] Starting Encoding Thermostat Message for dc_id: 6, tp_consigne: 0.00 , tp_current: 0.00 , demand: no demand
[2015-04-28 14:48:33][DEBUG_SQL]: SELECT packettype,subtype,id1,id2 FROM devices WHERE dc_id=6 LIMIT 1;
[2015-04-28 14:48:33][DEBUG]: [Encode Message] Encoding Message for device: 6, Packettype: 40, subtype: 00, id1: AA, id2: BB 
[2015-04-28 14:48:33][DEBUG]: Message sent: 09 40 00 00 AA BB 00 00 02 09 00 00 B1 43 12
[2015-04-28 14:48:33][DEBUG]: Thermostat: Thermostat process terminated
[2015-04-28 14:49:33][INFO]: 
--------- Loading Mydombox Server configuration ---------
[2015-04-28 14:49:33][DEBUG]: LOG_FILE_PATH = log
[2015-04-28 14:49:33][DEBUG]: LOG_LEVEL = DEBUG_SQL
[2015-04-28 14:49:33][DEBUG]: MYSQL = 1
[2015-04-28 14:49:33][DEBUG]: HOSTNAME = localhost
[2015-04-28 14:49:33][DEBUG]: PORT = 3306
[2015-04-28 14:49:33][DEBUG]: LOGIN = mydombox
[2015-04-28 14:49:33][DEBUG]: PASSWORD = mydomboxpwd
[2015-04-28 14:49:33][DEBUG]: DATABASE = mydombox
[2015-04-28 14:49:33][DEBUG]: MODULE_RFXTRX433 = 0
[2015-04-28 14:49:33][DEBUG]: PORT_RFXTRX433 = /dev/ttyUSB1
[2015-04-28 14:49:33][DEBUG]: MODULE_ENOUSB300 = 0
[2015-04-28 14:49:33][DEBUG]: PORT_ENOUSB300 = /dev/ttyUSB0
[2015-04-28 14:49:33][DEBUG]: MODULE_SOAP = 1
[2015-04-28 14:49:33][DEBUG]: PORT_SOAP = 8888
[2015-04-28 14:49:33][DEBUG]: MODULE_RPIDOM = 0
[2015-04-28 14:49:33][DEBUG]: PORT_RPIDOM = /dev/ttyAMA0
[2015-04-28 14:49:33][DEBUG]: RPIDOM_TELE1_TYPE = 3
[2015-04-28 14:49:33][DEBUG]: RPIDOM_TELE2_TYPE = 0
[2015-04-28 14:49:33][DEBUG]: RPIDOM_1WIRE = 1
[2015-04-28 14:49:33][DEBUG]: MDB_CLOUD = 1
[2015-04-28 14:49:33][DEBUG]: MDB_KEY = 
[2015-04-28 14:49:33][DEBUG]: MDB_ID = 
[2015-04-28 14:49:33][DEBUG]: MDB_X_ISS_Key = aa08f68bbe7740779aab2e34ec236971
[2015-04-28 14:49:33][DEBUG]: MDB_X_OAPI_Key = 28FOP1901d0di3r8indCa2iNTnJoGCr9
[2015-04-28 14:49:33][DEBUG]: MDB_DATASOURCE = a4b3cc24b88642b28706b0e7e6316a89
[2015-04-28 14:49:33][DEBUG]: --------------------------------------------------------

[2015-04-28 14:49:33][DEBUG_SQL]: SELECT dc_id,sch_action FROM scheduler WHERE ((sch_day= 2) OR (sch_day=0)) AND ( CURRENT_TIME <= sch_time) AND (sch_time < TIME(ADDTIME(NOW(),'00:01:00')));
[2015-04-28 14:49:33][DEBUG]: Thermostat: Starting looking for thermostat
[2015-04-28 14:49:33][DEBUG_SQL]: SELECT th_id FROM thermostat
[2015-04-28 14:49:33][DEBUG_SQL]: SELECT recept_id,th_use,th_mode,tp_set,sc_id FROM thermostat WHERE th_id = 0 LIMIT 1;
[2015-04-28 14:49:33][DEBUG]: Thermostat_Calc: Working with th_id=0 ,recept_id = 6 , on/off : off , mode: auto , Manual tp_set= 21.00 °C, Scenario=2
[2015-04-28 14:49:33][DEBUG]: Thermostat 0 is off
[2015-04-28 14:49:33][DEBUG]: [Encode Message] Starting Encoding Thermostat Message for dc_id: 6, tp_consigne: 0.00 , tp_current: 0.00 , demand: no demand
[2015-04-28 14:49:33][DEBUG_SQL]: SELECT packettype,subtype,id1,id2 FROM devices WHERE dc_id=6 LIMIT 1;
[2015-04-28 14:49:33][DEBUG]: [Encode Message] Encoding Message for device: 6, Packettype: 40, subtype: 00, id1: AA, id2: BB 
[2015-04-28 14:49:33][DEBUG]: Message sent: 09 40 00 00 AA BB 00 00 02 09 00 00 B1 43 12
[2015-04-28 14:49:33][DEBUG]: Thermostat: Thermostat process terminated
[2015-04-28 14:50:33][INFO]: 
--------- Loading Mydombox Server configuration ---------
[2015-04-28 14:50:33][DEBUG]: LOG_FILE_PATH = log
[2015-04-28 14:50:33][DEBUG]: LOG_LEVEL = DEBUG_SQL
[2015-04-28 14:50:33][DEBUG]: MYSQL = 1
[2015-04-28 14:50:33][DEBUG]: HOSTNAME = localhost
[2015-04-28 14:50:33][DEBUG]: PORT = 3306
[2015-04-28 14:50:33][DEBUG]: LOGIN = mydombox
[2015-04-28 14:50:33][DEBUG]: PASSWORD = mydomboxpwd
[2015-04-28 14:50:33][DEBUG]: DATABASE = mydombox
[2015-04-28 14:50:33][DEBUG]: MODULE_RFXTRX433 = 0
[2015-04-28 14:50:33][DEBUG]: PORT_RFXTRX433 = /dev/ttyUSB1
[2015-04-28 14:50:33][DEBUG]: MODULE_ENOUSB300 = 0
[2015-04-28 14:50:33][DEBUG]: PORT_ENOUSB300 = /dev/ttyUSB0
[2015-04-28 14:50:33][DEBUG]: MODULE_SOAP = 1
[2015-04-28 14:50:33][DEBUG]: PORT_SOAP = 8888
[2015-04-28 14:50:33][DEBUG]: MODULE_RPIDOM = 0
[2015-04-28 14:50:33][DEBUG]: PORT_RPIDOM = /dev/ttyAMA0
[2015-04-28 14:50:33][DEBUG]: RPIDOM_TELE1_TYPE = 3
[2015-04-28 14:50:33][DEBUG]: RPIDOM_TELE2_TYPE = 0
[2015-04-28 14:50:33][DEBUG]: RPIDOM_1WIRE = 1
[2015-04-28 14:50:33][DEBUG]: MDB_CLOUD = 1
[2015-04-28 14:50:33][DEBUG]: MDB_KEY = 
[2015-04-28 14:50:33][DEBUG]: MDB_ID = 
[2015-04-28 14:50:33][DEBUG]: MDB_X_ISS_Key = aa08f68bbe7740779aab2e34ec236971
[2015-04-28 14:50:33][DEBUG]: MDB_X_OAPI_Key = 28FOP1901d0di3r8indCa2iNTnJoGCr9
[2015-04-28 14:50:33][DEBUG]: MDB_DATASOURCE = a4b3cc24b88642b28706b0e7e6316a89
[2015-04-28 14:50:33][DEBUG]: --------------------------------------------------------

[2015-04-28 14:50:33][DEBUG_SQL]: SELECT dc_id,sch_action FROM scheduler WHERE ((sch_day= 2) OR (sch_day=0)) AND ( CURRENT_TIME <= sch_time) AND (sch_time < TIME(ADDTIME(NOW(),'00:01:00')));
[2015-04-28 14:50:33][DEBUG]: Thermostat: Starting looking for thermostat
[2015-04-28 14:50:33][DEBUG_SQL]: SELECT th_id FROM thermostat
[2015-04-28 14:50:33][DEBUG_SQL]: SELECT recept_id,th_use,th_mode,tp_set,sc_id FROM thermostat WHERE th_id = 0 LIMIT 1;
[2015-04-28 14:50:33][DEBUG]: Thermostat_Calc: Working with th_id=0 ,recept_id = 6 , on/off : off , mode: auto , Manual tp_set= 21.00 °C, Scenario=2
[2015-04-28 14:50:33][DEBUG]: Thermostat 0 is off
[2015-04-28 14:50:33][DEBUG]: [Encode Message] Starting Encoding Thermostat Message for dc_id: 6, tp_consigne: 0.00 , tp_current: 0.00 , demand: no demand
[2015-04-28 14:50:33][DEBUG_SQL]: SELECT packettype,subtype,id1,id2 FROM devices WHERE dc_id=6 LIMIT 1;
[2015-04-28 14:50:33][DEBUG]: [Encode Message] Encoding Message for device: 6, Packettype: 40, subtype: 00, id1: AA, id2: BB 
[2015-04-28 14:50:33][DEBUG]: Message sent: 09 40 00 00 AA BB 00 00 02 09 00 00 B1 43 12
[2015-04-28 14:50:33][DEBUG]: Thermostat: Thermostat process terminated
